[0mPOST /api/auth/register [33m404 [0m8.164 ms - 28[0m
[0mPOST /api/auth/register [32m200 [0m225.328 ms - 93[0m
[0mGET /api/product/getAllGroceryStaple [33m404 [0m28.377 ms - 2268[0m
[0mGET /undefinedgrocery-staples [33m404 [0m3.223 ms - 2923[0m
[0mGET /api/product/list/grocery-staples [33m404 [0m6.320 ms - 2268[0m
[0mGET /undefinedgrocery-staples [33m404 [0m11.052 ms - 2923[0m
[0mGET /api/product/list/grocery-staples [33m404 [0m9.949 ms - 2268[0m
[0mOPTIONS /api/auth/rootLogin [32m204 [0m2.355 ms - 0[0m
[0mOPTIONS /api/auth/rootLogin [32m204 [0m0.551 ms - 0[0m
[0mOPTIONS /api/auth/rootLogin [32m204 [0m0.765 ms - 0[0m
[0mOPTIONS /api/auth/rootLogin [32m204 [0m1.153 ms - 0[0m
[0mOPTIONS /api/auth/rootLogin [32m204 [0m1.042 ms - 0[0m
[0mOPTIONS /api/auth/rootLogin [32m204 [0m3.872 ms - 0[0m
[0mOPTIONS /api/auth/rootLogin [32m204 [0m5.245 ms - 0[0m
[0mOPTIONS /api/auth/rootLogin [32m204 [0m1.259 ms - 0[0m
[0mOPTIONS /api/auth/rootLogin [32m204 [0m1.212 ms - 0[0m
[0mOPTIONS /api/auth/rootLogin [32m204 [0m1.144 ms - 0[0m
[0mOPTIONS /api/auth/rootLogin [32m204 [0m1.026 ms - 0[0m
[0mOPTIONS /api/auth/rootLogin [32m204 [0m4.975 ms - 0[0m
[0mPOST /api/auth/rootLogin [32m200 [0m202.056 ms - 220[0m
[0mOPTIONS /api/auth/rootLogin [32m204 [0m1.249 ms - 0[0m
[0mPOST /api/auth/rootLogin [32m200 [0m251.694 ms - 220[0m
[0mOPTIONS /api/auth/rootLogin [32m204 [0m5.892 ms - 0[0m
[0mPOST /api/auth/rootLogin [32m200 [0m240.335 ms - 384[0m
[0mOPTIONS /api/auth/rootLogin [32m204 [0m5.584 ms - 0[0m
[0mPOST /api/auth/rootLogin [32m200 [0m289.365 ms - 387[0m
[0mOPTIONS /api/order/count [32m204 [0m0.869 ms - 0[0m
[0mOPTIONS /api/order/list [32m204 [0m1.104 ms - 0[0m
[0mGET /api/order/count [33m404 [0m11.103 ms - 2929[0m
[0mGET /api/order/list [33m404 [0m8.104 ms - 2929[0m
[0mOPTIONS /api/order/list [32m204 [0m0.617 ms - 0[0m
[0mOPTIONS /api/order/count [32m204 [0m0.713 ms - 0[0m
[0mGET /api/order/list [33m404 [0m4.639 ms - 2929[0m
[0mGET /api/order/count [33m404 [0m6.380 ms - 2929[0m
[0mOPTIONS /api/product/getAllproductList [32m204 [0m0.628 ms - 0[0m
[0mGET /api/product/getAllproductList [33m404 [0m3.536 ms - 2268[0m
[0mOPTIONS /api/category/main-list [32m204 [0m0.749 ms - 0[0m
[0mGET /api/category/main-list [33m404 [0m2.721 ms - 2923[0m
[0mOPTIONS /api/category/list [32m204 [0m0.498 ms - 0[0m
[0mGET /api/category/list [33m404 [0m2.016 ms - 2923[0m
[0mOPTIONS /api/category/main-list [32m204 [0m0.521 ms - 0[0m
[0mGET /api/category/main-list [33m404 [0m3.250 ms - 2923[0m
[0mOPTIONS /api/category/create [32m204 [0m0.834 ms - 0[0m
[0mPOST /api/category/create [32m200 [0m27.465 ms - 55[0m
[0mOPTIONS /api/category/main-list [32m204 [0m0.378 ms - 0[0m
[0mGET /api/category/main-list [33m404 [0m1.978 ms - 2923[0m
[0mOPTIONS /api/auth/rootLogin [32m204 [0m1.770 ms - 0[0m
[0mPOST /api/auth/rootLogin [32m200 [0m280.676 ms - 387[0m
[0mOPTIONS /api/order/list [32m204 [0m0.603 ms - 0[0m
[0mOPTIONS /api/order/count [32m204 [0m0.480 ms - 0[0m
[0mGET /api/order/list [33m404 [0m2.270 ms - 2929[0m
[0mGET /api/order/count [33m404 [0m4.488 ms - 2929[0m
[0mGET /api/product/getAllGroceryStaple [33m404 [0m17.279 ms - 2268[0m
[0mGET /api/product/getAllproduct [32m200 [0m17.648 ms - 391[0m
[0mGET /api/product/getAllGroceryStaple [33m404 [0m3.086 ms - 2268[0m
[0mGET /undefinedgrocery-staples [33m404 [0m16.225 ms - 2880[0m
[0mGET /api/product/list/grocery-staples [33m404 [0m9.667 ms - 2268[0m
[0mGET /undefinedgrocery-staples [33m404 [0m11.679 ms - 2880[0m
[0mGET /api/product/list/grocery-staples [31m500 [0m13.612 ms - 2169[0m
[0mGET /undefinedgrocery-staples [33m404 [0m3.700 ms - 2880[0m
[0mGET /api/product/list/grocery-staples [31m500 [0m8.502 ms - 2169[0m
[0mGET /api/product/getAllGroceryStaple [31m500 [0m4.827 ms - 2169[0m
[0mGET /api/product/getAllGroceryStaple [31m500 [0m3.794 ms - 2169[0m
[0mGET /api/product/getAllGroceryStaple [31m500 [0m3.053 ms - 2169[0m
[0mGET /api/product/getAllGroceryStaple [32m200 [0m19.693 ms - 28[0m
[0mGET /api/product/getAllGroceryStaple [36m304 [0m5.666 ms - -[0m
[0mGET /api/product/getAllGroceryStaple [32m200 [0m3.587 ms - 28[0m
[0mGET /api/product/getAllGroceryStaple [32m200 [0m12.852 ms - 71[0m
[0mGET /api/product/getAllGroceryStaple [32m200 [0m6.067 ms - 474[0m
[0mGET /api/product/getAllGroceryStaple [32m200 [0m5.696 ms - 474[0m
[0mGET /undefinedgrocery-staples [33m404 [0m15.317 ms - 2880[0m
[0mGET /api/product/list/grocery-staples [32m200 [0m23.216 ms - 474[0m
[0mGET /api/product/getAllGroceryStaple [36m304 [0m7.920 ms - -[0m
[0mGET /undefinedpersonal-care [33m404 [0m2.693 ms - 2880[0m
[0mGET /api/product/list/personal-care [32m200 [0m10.333 ms - 28[0m
[0mGET /undefinedpersonal-care [33m404 [0m2.040 ms - 2880[0m
[0mGET /api/product/list/personal-care [36m304 [0m10.558 ms - -[0m
[0mGET /undefinedpersonal-care [33m404 [0m1.433 ms - 2880[0m
[0mGET /api/product/list/personal-care [32m200 [0m7.237 ms - 470[0m
[0mGET /api/product/getAllGroceryStaple [32m200 [0m4.444 ms - 28[0m
[0mGET /api/product/getAllGroceryStaple [32m200 [0m4.960 ms - 474[0m
[0mGET /undefinedresult [33m404 [0m3.110 ms - 2880[0m
[0mGET /api/product/getAllGroceryStaple [36m304 [0m8.193 ms - -[0m
[0mOPTIONS / [32m204 [0m0.736 ms - 0[0m
[0mPOST / [33m404 [0m2.601 ms - 28[0m
[0mOPTIONS / [32m204 [0m3.266 ms - 0[0m
[0mPOST / [33m404 [0m4.400 ms - 28[0m
[0mGET / [33m404 [0m7.967 ms - 2880[0m
[0mOPTIONS / [32m204 [0m0.961 ms - 0[0m
[0mPOST / [33m404 [0m3.823 ms - 28[0m
[0mGET /api/product/getAllGroceryStaple [36m304 [0m20.277 ms - -[0m
[0mGET /api/product/getAllGroceryStaple [36m304 [0m6.605 ms - -[0m
[0mPOST /api/client/initiate-registration [31m500 [0m344.141 ms - 63[0m
[0mPOST /api/client/initiate-registration [31m500 [0m24560.875 ms - 63[0m
[0mPOST /api/auth/register [32m200 [0m301.763 ms - 93[0m
[0mPOST /api/product/add [31m500 [0m25.518 ms - 2810[0m
[0mPOST /api/product/add [31m500 [0m29.259 ms - 2810[0m
[0mPOST /api/product/add [32m200 [0m133.601 ms - 54[0m
[0mGET /api/product/getAllGroceryStaple [32m200 [0m13.136 ms - 552[0m
[0mGET /api/product/getAllGroceryStaple [32m200 [0m5.517 ms - 547[0m
[0mGET /api/product/getAllGroceryStaple [32m200 [0m6.456 ms - 554[0m
[0mGET /api/product/getAllGroceryStaple [32m200 [0m4.933 ms - 552[0m
[0mGET /api/product/getAllGroceryStaple [36m304 [0m7.676 ms - -[0m
[0mGET /undefinedgrocery-staples [33m404 [0m21.030 ms - 2897[0m
[0mGET /api/product/list/grocery-staples [32m200 [0m20.541 ms - 552[0m
[0mGET /api/product/getAllGroceryStaple [36m304 [0m11.802 ms - -[0m
[0mGET /api/product/getAllGroceryStaple [36m304 [0m8.706 ms - -[0m
[0mGET /src/uploads/89103433-3134-4b76-aed7-8e02a2687ab7-img-14.jpg [33m404 [0m4.070 ms - 2897[0m
[0mGET /undefinedgrocery-staples [33m404 [0m3.517 ms - 2897[0m
[0mGET /api/product/list/grocery-staples [36m304 [0m15.403 ms - -[0m
[0mGET /undefinedgrocery-staples [33m404 [0m3.650 ms - 2897[0m
[0mGET /api/product/list/grocery-staples [32m200 [0m13.854 ms - 547[0m
[0mGET /undefinedgrocery-staples [33m404 [0m3.132 ms - 2897[0m
[0mGET /api/product/list/grocery-staples [36m304 [0m17.925 ms - -[0m
[0mGET /src/uploads/89103433-3134-4b76-aed7-8e02a2687ab7-img-14.jpg [33m404 [0m2.978 ms - 2897[0m
[0mGET /uploads/89103433-3134-4b76-aed7-8e02a2687ab7-img-14.jpg [33m404 [0m1.996 ms - 2897[0m
[0mPOST /api/product/add [32m200 [0m128.003 ms - 54[0m
[0mGET /uploads/89103433-3134-4b76-aed7-8e02a2687ab7-img-14.jpg [33m404 [0m10.618 ms - 2897[0m
[0mGET /undefinedgrocery-staples [33m404 [0m1.886 ms - 2897[0m
[0mGET /api/product/list/grocery-staples [32m200 [0m29.176 ms - 1007[0m
[0mGET /api/product/getAllGroceryStaple [32m200 [0m8.340 ms - 1007[0m
[0mGET /src/uploads/89103433-3134-4b76-aed7-8e02a2687ab7-img-14.jpg [33m404 [0m5.331 ms - 2897[0m
[0mGET /src/src/uploads/ffd73fbd-147d-4743-a95e-20499c69d3ee-img-3.jpg [33m404 [0m10.696 ms - 2897[0m
[0mGET /api/product/getAllGroceryStaple [36m304 [0m6.922 ms - -[0m
[0mGET /uploads/89103433-3134-4b76-aed7-8e02a2687ab7-img-14.jpg [33m404 [0m2.878 ms - 2897[0m
[0mGET /src/uploads/ffd73fbd-147d-4743-a95e-20499c69d3ee-img-3.jpg [33m404 [0m2.288 ms - 2897[0m
[0mGET /api/product/getAllGroceryStaple [36m304 [0m6.919 ms - -[0m
[0mGET /src/uploads/ffd73fbd-147d-4743-a95e-20499c69d3ee-img-3.jpg [33m404 [0m5.552 ms - 2897[0m
[0mGET /uploads/89103433-3134-4b76-aed7-8e02a2687ab7-img-14.jpg [33m404 [0m4.502 ms - 2897[0m
[0mGET /src/uploads/ffd73fbd-147d-4743-a95e-20499c69d3ee-img-3.jpg [33m404 [0m2.009 ms - 2897[0m
[0mGET /uploads/ffd73fbd-147d-4743-a95e-20499c69d3ee-img-3.jpg [33m404 [0m2.814 ms - 2897[0m
[0mGET /uploads/ffd73fbd-147d-4743-a95e-20499c69d3ee-img-3.jpg [33m404 [0m11.202 ms - 2897[0m
[0mGET /uploads/ffd73fbd-147d-4743-a95e-20499c69d3ee-img-3.jpg [33m404 [0m2.035 ms - 2897[0m
[0mGET /src/uploads/ffd73fbd-147d-4743-a95e-20499c69d3ee-img-3.jpg [33m404 [0m1.847 ms - 2897[0m
[0mGET /api/product/getAllGroceryStaple [36m304 [0m22.980 ms - -[0m
[0mGET /src/uploads/ffd73fbd-147d-4743-a95e-20499c69d3ee-img-3.jpg [33m404 [0m3.421 ms - 2897[0m
[0mGET /uploads/89103433-3134-4b76-aed7-8e02a2687ab7-img-14.jpg [33m404 [0m9.039 ms - 2897[0m
[0mGET /uploads/ffd73fbd-147d-4743-a95e-20499c69d3ee-img-3.jpg [33m404 [0m1.922 ms - 2897[0m
[0mGET /uploads/89103433-3134-4b76-aed7-8e02a2687ab7-img-14.jpg [33m404 [0m1.725 ms - 2897[0m
[0mGET /api/product/getAllGroceryStaple [32m200 [0m7.283 ms - 1007[0m
[0mPOST /api/product/add [32m200 [0m168.022 ms - 54[0m
[0mGET /api/product/getAllGroceryStaple [32m200 [0m14.721 ms - 1472[0m
[0mGET /uploads/89103433-3134-4b76-aed7-8e02a2687ab7-img-14.jpg [33m404 [0m10.379 ms - 2897[0m
[0mGET /uploads/d1d86698-f9cf-4af8-a1bf-1c0da9cb1f69-img-3.jpg [33m404 [0m19.116 ms - 2897[0m
[0mGET /src/uploads/ffd73fbd-147d-4743-a95e-20499c69d3ee-img-3.jpg [33m404 [0m18.227 ms - 2897[0m
[0mGET /api/product/getAllGroceryStaple [36m304 [0m4.949 ms - -[0m
[0mGET /src/src/uploads/ffd73fbd-147d-4743-a95e-20499c69d3ee-img-3.jpg [33m404 [0m4.644 ms - 2897[0m
[0mGET /src/uploads/89103433-3134-4b76-aed7-8e02a2687ab7-img-14.jpg [33m404 [0m4.880 ms - 2897[0m
[0mGET /src/uploads/d1d86698-f9cf-4af8-a1bf-1c0da9cb1f69-img-3.jpg [33m404 [0m2.949 ms - 2897[0m
[0mGET /api/product/getAllGroceryStaple [36m304 [0m4.569 ms - -[0m
[0mGET /src/uploads/89103433-3134-4b76-aed7-8e02a2687ab7-img-14.jpg [33m404 [0m3.324 ms - 2897[0m
[0mGET /src/uploads/d1d86698-f9cf-4af8-a1bf-1c0da9cb1f69-img-3.jpg [33m404 [0m6.848 ms - 2897[0m
[0mGET /src/src/uploads/ffd73fbd-147d-4743-a95e-20499c69d3ee-img-3.jpg [33m404 [0m6.332 ms - 2897[0m
[0mPOST /api/product/add [31m500 [0m32.883 ms - 2810[0m
[0mPOST /api/product/add [31m500 [0m9.621 ms - 2810[0m
[0mPOST /api/product/add [32m200 [0m103.476 ms - 54[0m
[0mGET /api/product/getAllGroceryStaple [32m200 [0m18.789 ms - 531[0m
[0mGET /src/src/uploads/58bf04af-1d7b-4e80-b30f-6d287e9bcc5c-img-15.jpg [33m404 [0m15.853 ms - 2897[0m
[0mGET /undefinedgrocery-staples [33m404 [0m2.709 ms - 2897[0m
[0mGET /api/product/list/grocery-staples [32m200 [0m12.879 ms - 531[0m
[0mGET /api/product/getAllGroceryStaple [36m304 [0m8.013 ms - -[0m
[0mGET /src/src/uploads/58bf04af-1d7b-4e80-b30f-6d287e9bcc5c-img-15.jpg [33m404 [0m3.359 ms - 2897[0m
[0mGET /api/product/getAllGroceryStaple [36m304 [0m5.764 ms - -[0m
[0mGET /src/uploads/58bf04af-1d7b-4e80-b30f-6d287e9bcc5c-img-15.jpg [33m404 [0m3.489 ms - 2897[0m
[0mGET /api/product/getAllGroceryStaple [36m304 [0m6.262 ms - -[0m
[0mGET /src/uploads/58bf04af-1d7b-4e80-b30f-6d287e9bcc5c-img-15.jpg [33m404 [0m2.724 ms - 2897[0m
[0mGET /src/uploads/58bf04af-1d7b-4e80-b30f-6d287e9bcc5c-img-15.jpg [33m404 [0m1.881 ms - 2897[0m
[0mGET /api/product/getAllproductList [33m404 [0m1.729 ms - 2941[0m
[0mGET /api/product/getAllproduct [31m500 [0m23.213 ms - 2810[0m
[0mGET /api/product/getAllproductList [31m500 [0m18.187 ms - 2810[0m
[0mGET /api/product/getAllGroceryStaple [36m304 [0m11.146 ms - -[0m
[0mGET /api/product/getAllGroceryStaple [36m304 [0m5.859 ms - -[0m
[0mGET /api/product/getWebProductById?id=4 [33m404 [0m5.215 ms - 2941[0m
[0mGET /api/product/getWebProductById?id=4 [33m404 [0m15.322 ms - 2941[0m
[0mGET /api/product/getAllGroceryStaple [36m304 [0m17.336 ms - -[0m
[0mGET /undefinedgrocery-staples [33m404 [0m2.257 ms - 2897[0m
[0mGET /api/product/getWebProductById?id=4 [33m404 [0m3.190 ms - 2941[0m
[0mGET /api/product/getWebProductById?id=4 [33m404 [0m16.975 ms - 2941[0m
[0mGET /undefinedgrocery-staples [33m404 [0m2.786 ms - 2897[0m
[0mGET /api/product/list/grocery-staples [36m304 [0m24.407 ms - -[0m
[0mGET /api/product/getAllGroceryStaple [36m304 [0m6.147 ms - -[0m
[0mGET /undefinedgrocery-staples [33m404 [0m2.346 ms - 2897[0m
[0mGET /api/product/getAllGroceryStaple [36m304 [0m9.683 ms - -[0m
[0mGET /api/product/getWebProductById?id=4 [33m404 [0m2.876 ms - 2941[0m
[0mGET /api/product/getWebProductById?id=4 [33m404 [0m2.700 ms - 2941[0m
[0mGET /api/product/getAllGroceryStaple [36m304 [0m8.011 ms - -[0m
[0mGET /api/product/getAllGroceryStaple [36m304 [0m6.398 ms - -[0m
[0mGET /api/product/getAllGroceryStaple [36m304 [0m6.551 ms - -[0m
[0mGET /src/uploads/58bf04af-1d7b-4e80-b30f-6d287e9bcc5c-img-15.jpg [33m404 [0m5.357 ms - 2897[0m
[0mGET /api/product/getAllGroceryStaple [36m304 [0m4.750 ms - -[0m
[0mGET /src/uploads/58bf04af-1d7b-4e80-b30f-6d287e9bcc5c-img-15.jpg [33m404 [0m2.875 ms - 2897[0m
[0mGET /api/product/getAllGroceryStaple [36m304 [0m4.943 ms - -[0m
[0mGET /src/uploads/58bf04af-1d7b-4e80-b30f-6d287e9bcc5c-img-15.jpg [33m404 [0m2.560 ms - 2897[0m
[0mGET /api/product/getAllGroceryStaple [36m304 [0m6.505 ms - -[0m
[0mGET /src/uploads/58bf04af-1d7b-4e80-b30f-6d287e9bcc5c-img-15.jpg [33m404 [0m1.926 ms - 2897[0m
[0mGET /api/product/getAllGroceryStaple [36m304 [0m6.279 ms - -[0m
[0mGET /src/uploads/58bf04af-1d7b-4e80-b30f-6d287e9bcc5c-img-15.jpg [33m404 [0m1.810 ms - 2897[0m
[0mPOST /api/product/add [33m409 [0m64.979 ms - 2810[0m
[0mPOST /api/product/add [32m200 [0m136.645 ms - 54[0m
[0mPOST /api/product/add [33m409 [0m15.192 ms - 2810[0m
[0mPOST /api/product/add [32m200 [0m125.931 ms - 54[0m
[0mPOST /api/product/add [32m200 [0m98.489 ms - 54[0m
[0mGET /api/product/getAllGroceryStaple [32m200 [0m17.323 ms - 1870[0m
[0mGET /src/uploads/d9059258-4228-45a9-95a3-42151e87f092-big-4.jpg [33m404 [0m13.088 ms - 2897[0m
[0mGET /src/uploads/58bf04af-1d7b-4e80-b30f-6d287e9bcc5c-img-15.jpg [33m404 [0m13.341 ms - 2897[0m
[0mGET /src/uploads/927f767f-a97e-4cae-bb11-b2e42bab38ff-big-4.jpg [33m404 [0m19.604 ms - 2897[0m
[0mGET /src/uploads/983d746d-fe29-43e1-814d-589bc45392ee-big-4.jpg [33m404 [0m3.162 ms - 2897[0m
[0mGET /api/product/getAllGroceryStaple [36m304 [0m6.003 ms - -[0m
[0mGET /src/uploads/58bf04af-1d7b-4e80-b30f-6d287e9bcc5c-img-15.jpg [33m404 [0m5.271 ms - 2897[0m
[0mGET /src/uploads/983d746d-fe29-43e1-814d-589bc45392ee-big-4.jpg [33m404 [0m10.129 ms - 2897[0m
[0mGET /src/uploads/927f767f-a97e-4cae-bb11-b2e42bab38ff-big-4.jpg [33m404 [0m9.690 ms - 2897[0m
[0mGET /src/uploads/d9059258-4228-45a9-95a3-42151e87f092-big-4.jpg [33m404 [0m9.710 ms - 2897[0m
