[0mGET /api/product/getAllGroceryStaple [32m200 [0m23.672 ms - 1846[0m
[0mGET /uploads/58bf04af-1d7b-4e80-b30f-6d287e9bcc5c-img-15.jpg [33m404 [0m18.691 ms - 2917[0m
[0mGET /uploads/983d746d-fe29-43e1-814d-589bc45392ee-big-4.jpg [33m404 [0m25.615 ms - 2917[0m
[0mGET /uploads/927f767f-a97e-4cae-bb11-b2e42bab38ff-big-4.jpg [33m404 [0m23.977 ms - 2917[0m
[0mGET /uploads/d9059258-4228-45a9-95a3-42151e87f092-big-4.jpg [33m404 [0m24.576 ms - 2917[0m
[0mGET /api/product/getAllGroceryStaple [36m304 [0m23.002 ms - -[0m
[0mGET /uploads/58bf04af-1d7b-4e80-b30f-6d287e9bcc5c-img-15.jpg [33m404 [0m17.288 ms - 2917[0m
[0mGET /uploads/983d746d-fe29-43e1-814d-589bc45392ee-big-4.jpg [33m404 [0m26.778 ms - 2917[0m
[0mGET /uploads/927f767f-a97e-4cae-bb11-b2e42bab38ff-big-4.jpg [33m404 [0m23.249 ms - 2917[0m
[0mGET /uploads/d9059258-4228-45a9-95a3-42151e87f092-big-4.jpg [33m404 [0m22.662 ms - 2917[0m
[0mGET /api/product/getAllGroceryStaple [32m200 [0m6.791 ms - 1850[0m
[0mGET /uploads/983d746d-fe29-43e1-814d-589bc45392ee-big-4.jpg [33m404 [0m9.652 ms - 2917[0m
[0mGET /uploads/927f767f-a97e-4cae-bb11-b2e42bab38ff-big-4.jpg [33m404 [0m8.182 ms - 2917[0m
[0mGET /uploads/d9059258-4228-45a9-95a3-42151e87f092-big-4.jpg [33m404 [0m8.106 ms - 2917[0m
[0mGET /uploads/58bf04af-1d7b-4e80-b30f-6d287e9bcc5c-img-15.jpg [33m404 [0m6.795 ms - 2917[0m
[0mPOST /api/product/add [31m500 [0m21.754 ms - 2813[0m
[0mPOST /api/product/add [32m200 [0m86.348 ms - 54[0m
[0mGET /api/product/getAllGroceryStaple [32m200 [0m15.202 ms - 2288[0m
[0mGET /src/uploads/a3cb8aeb-c996-4828-8a1c-896116dfdbbb-img-5.jpg [33m404 [0m13.609 ms - 2917[0m
[0mGET /uploads/58bf04af-1d7b-4e80-b30f-6d287e9bcc5c-img-15.jpg [33m404 [0m12.562 ms - 2917[0m
[0mGET /uploads/983d746d-fe29-43e1-814d-589bc45392ee-big-4.jpg [33m404 [0m24.520 ms - 2917[0m
[0mGET /uploads/927f767f-a97e-4cae-bb11-b2e42bab38ff-big-4.jpg [33m404 [0m23.072 ms - 2917[0m
[0mGET /uploads/d9059258-4228-45a9-95a3-42151e87f092-big-4.jpg [33m404 [0m22.600 ms - 2917[0m
[0mGET /src/uploads/a3cb8aeb-c996-4828-8a1c-896116dfdbbb-img-5.jpg [33m404 [0m3.798 ms - 2917[0m
[0mGET /uploads/a3cb8aeb-c996-4828-8a1c-896116dfdbbb-img-5.jpg [33m404 [0m2.886 ms - 2917[0m
[0mPOST /api/product/add [32m200 [0m153.668 ms - 54[0m
[0mGET /api/product/getAllGroceryStaple [32m200 [0m16.660 ms - 2730[0m
[0mGET /src/uploads/ce0178bc-a236-4231-a3cb-be0075186ac5-img-1.jpg [33m404 [0m17.349 ms - 2917[0m
[0mGET /src/uploads/a3cb8aeb-c996-4828-8a1c-896116dfdbbb-img-5.jpg [33m404 [0m15.919 ms - 2917[0m
[0mGET /uploads/58bf04af-1d7b-4e80-b30f-6d287e9bcc5c-img-15.jpg [33m404 [0m16.162 ms - 2917[0m
[0mGET /uploads/983d746d-fe29-43e1-814d-589bc45392ee-big-4.jpg [33m404 [0m32.135 ms - 2917[0m
[0mGET /uploads/927f767f-a97e-4cae-bb11-b2e42bab38ff-big-4.jpg [33m404 [0m29.984 ms - 2917[0m
[0mGET /uploads/d9059258-4228-45a9-95a3-42151e87f092-big-4.jpg [33m404 [0m28.784 ms - 2917[0m
[0mGET /api/product/getAllGroceryStaple [36m304 [0m6.812 ms - -[0m
[0mGET /src/uploads/ce0178bc-a236-4231-a3cb-be0075186ac5-img-1.jpg [33m404 [0m9.951 ms - 2917[0m
[0mGET /src/uploads/a3cb8aeb-c996-4828-8a1c-896116dfdbbb-img-5.jpg [33m404 [0m8.189 ms - 2917[0m
[0mGET /uploads/58bf04af-1d7b-4e80-b30f-6d287e9bcc5c-img-15.jpg [33m404 [0m10.057 ms - 2917[0m
[0mGET /uploads/983d746d-fe29-43e1-814d-589bc45392ee-big-4.jpg [33m404 [0m23.015 ms - 2917[0m
[0mGET /uploads/927f767f-a97e-4cae-bb11-b2e42bab38ff-big-4.jpg [33m404 [0m21.119 ms - 2917[0m
[0mGET /uploads/d9059258-4228-45a9-95a3-42151e87f092-big-4.jpg [33m404 [0m19.632 ms - 2917[0m
[0mGET /api/product/getAllGroceryStaple [36m304 [0m22.232 ms - -[0m
[0mGET /src/uploads/ce0178bc-a236-4231-a3cb-be0075186ac5-img-1.jpg [33m404 [0m10.411 ms - 2917[0m
[0mGET /src/uploads/a3cb8aeb-c996-4828-8a1c-896116dfdbbb-img-5.jpg [33m404 [0m8.316 ms - 2917[0m
[0mGET /uploads/58bf04af-1d7b-4e80-b30f-6d287e9bcc5c-img-15.jpg [32m200 [0m26.338 ms - 7100[0m
[0mGET /uploads/d9059258-4228-45a9-95a3-42151e87f092-big-4.jpg [32m200 [0m23.738 ms - 71622[0m
[0mGET /uploads/983d746d-fe29-43e1-814d-589bc45392ee-big-4.jpg [32m200 [0m23.302 ms - 71622[0m
[0mGET /uploads/927f767f-a97e-4cae-bb11-b2e42bab38ff-big-4.jpg [32m200 [0m24.430 ms - 71622[0m
[0mGET /api/product/getWebProductById?id=4 [33m404 [0m3.859 ms - 2956[0m
[0mGET /api/product/getAllGroceryStaple [36m304 [0m10.421 ms - -[0m
[0mGET /src/uploads/ce0178bc-a236-4231-a3cb-be0075186ac5-img-1.jpg [33m404 [0m5.821 ms - 2917[0m
[0mGET /src/uploads/a3cb8aeb-c996-4828-8a1c-896116dfdbbb-img-5.jpg [33m404 [0m4.488 ms - 2917[0m
[0mGET /api/product/getAllGroceryStaple [36m304 [0m6.132 ms - -[0m
[0mGET /uploads/58bf04af-1d7b-4e80-b30f-6d287e9bcc5c-img-15.jpg [36m304 [0m7.125 ms - -[0m
[0mGET /uploads/d9059258-4228-45a9-95a3-42151e87f092-big-4.jpg [36m304 [0m6.186 ms - -[0m
[0mGET /uploads/927f767f-a97e-4cae-bb11-b2e42bab38ff-big-4.jpg [36m304 [0m5.897 ms - -[0m
[0mGET /src/uploads/ce0178bc-a236-4231-a3cb-be0075186ac5-img-1.jpg [33m404 [0m6.569 ms - 2917[0m
[0mGET /uploads/983d746d-fe29-43e1-814d-589bc45392ee-big-4.jpg [36m304 [0m17.032 ms - -[0m
[0mGET /src/uploads/a3cb8aeb-c996-4828-8a1c-896116dfdbbb-img-5.jpg [33m404 [0m5.559 ms - 2917[0m
[0mGET /api/product/getAllGroceryStaple [32m200 [0m32.840 ms - 2722[0m
[0mGET /uploads/58bf04af-1d7b-4e80-b30f-6d287e9bcc5c-img-15.jpg [36m304 [0m11.299 ms - -[0m
[0mGET /uploads/927f767f-a97e-4cae-bb11-b2e42bab38ff-big-4.jpg [36m304 [0m9.785 ms - -[0m
[0mGET /uploads/d9059258-4228-45a9-95a3-42151e87f092-big-4.jpg [36m304 [0m11.223 ms - -[0m
[0mGET /uploads/983d746d-fe29-43e1-814d-589bc45392ee-big-4.jpg [36m304 [0m10.134 ms - -[0m
[0mGET /uploads/a3cb8aeb-c996-4828-8a1c-896116dfdbbb-img-5.jpg [32m200 [0m11.046 ms - 9264[0m
[0mGET /uploads/ce0178bc-a236-4231-a3cb-be0075186ac5-img-1.jpg [32m200 [0m11.067 ms - 16783[0m
[0mGET /api/product/getWebProductById?id=6 [33m404 [0m11.519 ms - 2956[0m
[0mGET /api/product/getWebProductById?id=6 [33m404 [0m19.371 ms - 2956[0m
[0mGET /api/product/getWebProductById?id=6 [33m404 [0m16.331 ms - 2956[0m
[0mGET /api/product/getAllGroceryStaple [36m304 [0m25.446 ms - -[0m
[0mGET /uploads/58bf04af-1d7b-4e80-b30f-6d287e9bcc5c-img-15.jpg [36m304 [0m11.684 ms - -[0m
[0mGET /uploads/d9059258-4228-45a9-95a3-42151e87f092-big-4.jpg [36m304 [0m9.001 ms - -[0m
[0mGET /uploads/927f767f-a97e-4cae-bb11-b2e42bab38ff-big-4.jpg [36m304 [0m8.609 ms - -[0m
[0mGET /uploads/983d746d-fe29-43e1-814d-589bc45392ee-big-4.jpg [36m304 [0m7.383 ms - -[0m
[0mGET /uploads/a3cb8aeb-c996-4828-8a1c-896116dfdbbb-img-5.jpg [36m304 [0m7.026 ms - -[0m
[0mGET /uploads/ce0178bc-a236-4231-a3cb-be0075186ac5-img-1.jpg [36m304 [0m7.293 ms - -[0m
[0mGET /api/product/getAllGroceryStaple [36m304 [0m6.340 ms - -[0m
[0mGET /uploads/58bf04af-1d7b-4e80-b30f-6d287e9bcc5c-img-15.jpg [36m304 [0m7.851 ms - -[0m
[0mGET /uploads/d9059258-4228-45a9-95a3-42151e87f092-big-4.jpg [36m304 [0m7.053 ms - -[0m
[0mGET /uploads/927f767f-a97e-4cae-bb11-b2e42bab38ff-big-4.jpg [36m304 [0m6.314 ms - -[0m
[0mGET /uploads/983d746d-fe29-43e1-814d-589bc45392ee-big-4.jpg [36m304 [0m5.695 ms - -[0m
[0mGET /uploads/a3cb8aeb-c996-4828-8a1c-896116dfdbbb-img-5.jpg [36m304 [0m5.140 ms - -[0m
[0mGET /uploads/ce0178bc-a236-4231-a3cb-be0075186ac5-img-1.jpg [36m304 [0m4.485 ms - -[0m
[0mGET /api/product/getWebProductById?id=4 [33m404 [0m4.521 ms - 2956[0m
[0mGET /api/product/getProductById?id=4 [32m200 [0m16.054 ms - 481[0m
[0mGET /api/product/getProductById?id=4 [33m404 [0m16.857 ms - 2956[0m
[0mGET /api/product/getProductById?id=6 [33m404 [0m5.279 ms - 2956[0m
[0mGET /api/product/getWebProductById?id=4 [32m200 [0m13.371 ms - 479[0m
[0mGET /api/product/getWebProductById?id=6 [32m200 [0m4.881 ms - 457[0m
[0mGET /api/product/getAllGroceryStaple [36m304 [0m14.132 ms - -[0m
[0mGET /uploads/58bf04af-1d7b-4e80-b30f-6d287e9bcc5c-img-15.jpg [36m304 [0m7.872 ms - -[0m
[0mGET /uploads/983d746d-fe29-43e1-814d-589bc45392ee-big-4.jpg [36m304 [0m7.409 ms - -[0m
[0mGET /uploads/d9059258-4228-45a9-95a3-42151e87f092-big-4.jpg [36m304 [0m7.222 ms - -[0m
[0mGET /uploads/927f767f-a97e-4cae-bb11-b2e42bab38ff-big-4.jpg [36m304 [0m6.356 ms - -[0m
[0mGET /uploads/a3cb8aeb-c996-4828-8a1c-896116dfdbbb-img-5.jpg [36m304 [0m5.328 ms - -[0m
[0mGET /uploads/ce0178bc-a236-4231-a3cb-be0075186ac5-img-1.jpg [36m304 [0m6.244 ms - -[0m
[0mGET /api/product/getAllGroceryStaple [36m304 [0m8.254 ms - -[0m
[0mGET /uploads/58bf04af-1d7b-4e80-b30f-6d287e9bcc5c-img-15.jpg [36m304 [0m2.831 ms - -[0m
[0mGET /uploads/d9059258-4228-45a9-95a3-42151e87f092-big-4.jpg [36m304 [0m6.361 ms - -[0m
[0mGET /uploads/927f767f-a97e-4cae-bb11-b2e42bab38ff-big-4.jpg [36m304 [0m6.490 ms - -[0m
[0mGET /uploads/983d746d-fe29-43e1-814d-589bc45392ee-big-4.jpg [36m304 [0m5.862 ms - -[0m
[0mGET /uploads/a3cb8aeb-c996-4828-8a1c-896116dfdbbb-img-5.jpg [36m304 [0m4.824 ms - -[0m
[0mGET /uploads/ce0178bc-a236-4231-a3cb-be0075186ac5-img-1.jpg [36m304 [0m4.141 ms - -[0m
[0mGET /api/product/getWebProductById?id=5 [32m200 [0m5.275 ms - 472[0m
[0mGET /api/product/getWebProductById?id=5 [36m304 [0m5.550 ms - -[0m
[0mGET /api/product/getWebProductById?id=5 [36m304 [0m4.622 ms - -[0m
[0mGET /api/product/getWebProductById?id=5 [36m304 [0m4.806 ms - -[0m
[0mGET /api/product/getWebProductById?id=5 [36m304 [0m6.163 ms - -[0m
[0mGET /api/product/getAllGroceryStaple [36m304 [0m4.905 ms - -[0m
[0mGET /uploads/58bf04af-1d7b-4e80-b30f-6d287e9bcc5c-img-15.jpg [36m304 [0m4.583 ms - -[0m
[0mGET /uploads/d9059258-4228-45a9-95a3-42151e87f092-big-4.jpg [36m304 [0m3.677 ms - -[0m
[0mGET /uploads/927f767f-a97e-4cae-bb11-b2e42bab38ff-big-4.jpg [36m304 [0m3.232 ms - -[0m
[0mGET /uploads/983d746d-fe29-43e1-814d-589bc45392ee-big-4.jpg [36m304 [0m2.930 ms - -[0m
[0mGET /uploads/a3cb8aeb-c996-4828-8a1c-896116dfdbbb-img-5.jpg [36m304 [0m2.673 ms - -[0m
[0mGET /uploads/ce0178bc-a236-4231-a3cb-be0075186ac5-img-1.jpg [36m304 [0m2.975 ms - -[0m
[0mGET /api/product/getAllGroceryStaple [36m304 [0m6.201 ms - -[0m
[0mGET /uploads/58bf04af-1d7b-4e80-b30f-6d287e9bcc5c-img-15.jpg [36m304 [0m5.281 ms - -[0m
[0mGET /uploads/d9059258-4228-45a9-95a3-42151e87f092-big-4.jpg [36m304 [0m4.942 ms - -[0m
[0mGET /uploads/927f767f-a97e-4cae-bb11-b2e42bab38ff-big-4.jpg [36m304 [0m4.654 ms - -[0m
[0mGET /uploads/983d746d-fe29-43e1-814d-589bc45392ee-big-4.jpg [36m304 [0m3.879 ms - -[0m
[0mGET /uploads/a3cb8aeb-c996-4828-8a1c-896116dfdbbb-img-5.jpg [36m304 [0m4.635 ms - -[0m
[0mGET /uploads/ce0178bc-a236-4231-a3cb-be0075186ac5-img-1.jpg [36m304 [0m3.561 ms - -[0m
[0mGET /api/product/getWebProductById?id=6 [32m200 [0m3.293 ms - 457[0m
[0mGET /api/product/getWebProductById?id=6 [36m304 [0m3.744 ms - -[0m
[0mGET /api/product/getWebProductById?id=6 [36m304 [0m3.077 ms - -[0m
[0mGET /api/product/getWebProductById?id=6 [36m304 [0m5.202 ms - -[0m
[0mGET /api/product/getWebProductById?id=6 [36m304 [0m4.088 ms - -[0m
[0mGET /api/product/getWebProductById?id=6 [36m304 [0m5.148 ms - -[0m
[0mPOST /api/client/initiate-registration [31m500 [0m13.561 ms - 34[0m
[0mPOST /api/client/initiate-registration [31m500 [0m5.707 ms - 34[0m
[0mPOST /api/client/initiate-registration [31m500 [0m9.093 ms - 34[0m
[0mPOST /api/client/initiate-registration [31m500 [0m3.624 ms - 34[0m
[0mPOST /api/client/initiate-registration [31m500 [0m3.296 ms - 34[0m
[0mPOST /api/client/initiate-registration [32m200 [0m2449.843 ms - 116[0m
[0mGET /api/product/getAllGroceryStaple [32m200 [0m22.193 ms - 2722[0m
[0mGET /uploads/927f767f-a97e-4cae-bb11-b2e42bab38ff-big-4.jpg [36m304 [0m9.523 ms - -[0m
[0mGET /uploads/58bf04af-1d7b-4e80-b30f-6d287e9bcc5c-img-15.jpg [36m304 [0m8.729 ms - -[0m
[0mGET /uploads/d9059258-4228-45a9-95a3-42151e87f092-big-4.jpg [36m304 [0m7.936 ms - -[0m
[0mGET /uploads/983d746d-fe29-43e1-814d-589bc45392ee-big-4.jpg [36m304 [0m4.534 ms - -[0m
[0mGET /uploads/a3cb8aeb-c996-4828-8a1c-896116dfdbbb-img-5.jpg [36m304 [0m3.574 ms - -[0m
[0mGET /uploads/ce0178bc-a236-4231-a3cb-be0075186ac5-img-1.jpg [36m304 [0m2.864 ms - -[0m
[0mGET /api/product/getWebProductById?id=4 [32m200 [0m10.173 ms - 479[0m
[0mGET /api/product/getAllGroceryStaple [36m304 [0m10.212 ms - -[0m
[0mGET /api/product/getWebProductById?id=8 [32m200 [0m5.922 ms - 457[0m
[0mGET /api/product/getAllGroceryStaple [36m304 [0m8.340 ms - -[0m
[0mGET /api/product/getAllGroceryStaple [36m304 [0m6.166 ms - -[0m
[0mGET /uploads/58bf04af-1d7b-4e80-b30f-6d287e9bcc5c-img-15.jpg [36m304 [0m2.644 ms - -[0m
[0mGET /uploads/d9059258-4228-45a9-95a3-42151e87f092-big-4.jpg [36m304 [0m1.949 ms - -[0m
[0mGET /uploads/927f767f-a97e-4cae-bb11-b2e42bab38ff-big-4.jpg [36m304 [0m1.737 ms - -[0m
[0mGET /uploads/983d746d-fe29-43e1-814d-589bc45392ee-big-4.jpg [36m304 [0m3.247 ms - -[0m
[0mGET /uploads/a3cb8aeb-c996-4828-8a1c-896116dfdbbb-img-5.jpg [36m304 [0m2.267 ms - -[0m
[0mGET /uploads/ce0178bc-a236-4231-a3cb-be0075186ac5-img-1.jpg [36m304 [0m2.136 ms - -[0m
[0mGET /api/product/getAllGroceryStaple [36m304 [0m7.628 ms - -[0m
[0mGET /uploads/58bf04af-1d7b-4e80-b30f-6d287e9bcc5c-img-15.jpg [36m304 [0m2.169 ms - -[0m
[0mGET /uploads/d9059258-4228-45a9-95a3-42151e87f092-big-4.jpg [36m304 [0m1.336 ms - -[0m
[0mGET /uploads/927f767f-a97e-4cae-bb11-b2e42bab38ff-big-4.jpg [36m304 [0m2.762 ms - -[0m
[0mGET /uploads/983d746d-fe29-43e1-814d-589bc45392ee-big-4.jpg [36m304 [0m2.245 ms - -[0m
[0mGET /uploads/a3cb8aeb-c996-4828-8a1c-896116dfdbbb-img-5.jpg [36m304 [0m1.319 ms - -[0m
[0mGET /uploads/ce0178bc-a236-4231-a3cb-be0075186ac5-img-1.jpg [36m304 [0m1.183 ms - -[0m
[0mGET /api/product/getAllGroceryStaple [36m304 [0m7.628 ms - -[0m
[0mGET /uploads/58bf04af-1d7b-4e80-b30f-6d287e9bcc5c-img-15.jpg [36m304 [0m1.348 ms - -[0m
[0mGET /uploads/d9059258-4228-45a9-95a3-42151e87f092-big-4.jpg [36m304 [0m2.714 ms - -[0m
[0mGET /uploads/927f767f-a97e-4cae-bb11-b2e42bab38ff-big-4.jpg [36m304 [0m2.190 ms - -[0m
[0mGET /uploads/983d746d-fe29-43e1-814d-589bc45392ee-big-4.jpg [36m304 [0m1.771 ms - -[0m
[0mGET /uploads/a3cb8aeb-c996-4828-8a1c-896116dfdbbb-img-5.jpg [36m304 [0m1.954 ms - -[0m
[0mGET /uploads/ce0178bc-a236-4231-a3cb-be0075186ac5-img-1.jpg [36m304 [0m1.521 ms - -[0m
[0mGET /api/product/getAllGroceryStaple [36m304 [0m6.516 ms - -[0m
[0mGET /uploads/58bf04af-1d7b-4e80-b30f-6d287e9bcc5c-img-15.jpg [36m304 [0m2.863 ms - -[0m
[0mGET /uploads/d9059258-4228-45a9-95a3-42151e87f092-big-4.jpg [36m304 [0m2.679 ms - -[0m
[0mGET /uploads/927f767f-a97e-4cae-bb11-b2e42bab38ff-big-4.jpg [36m304 [0m2.265 ms - -[0m
[0mGET /uploads/983d746d-fe29-43e1-814d-589bc45392ee-big-4.jpg [36m304 [0m2.034 ms - -[0m
[0mGET /uploads/a3cb8aeb-c996-4828-8a1c-896116dfdbbb-img-5.jpg [36m304 [0m1.922 ms - -[0m
[0mGET /uploads/ce0178bc-a236-4231-a3cb-be0075186ac5-img-1.jpg [36m304 [0m1.716 ms - -[0m
[0mOPTIONS /api/client/initiate-registration [32m204 [0m1.265 ms - 0[0m
[0mPOST /api/client/initiate-registration [31m500 [0m47592.353 ms - 63[0m
[0mGET /api/product/getAllGroceryStaple [36m304 [0m5.394 ms - -[0m
[0mGET /uploads/58bf04af-1d7b-4e80-b30f-6d287e9bcc5c-img-15.jpg [36m304 [0m2.308 ms - -[0m
[0mGET /uploads/d9059258-4228-45a9-95a3-42151e87f092-big-4.jpg [36m304 [0m1.959 ms - -[0m
[0mGET /uploads/927f767f-a97e-4cae-bb11-b2e42bab38ff-big-4.jpg [36m304 [0m1.553 ms - -[0m
[0mGET /uploads/983d746d-fe29-43e1-814d-589bc45392ee-big-4.jpg [36m304 [0m3.156 ms - -[0m
[0mGET /uploads/ce0178bc-a236-4231-a3cb-be0075186ac5-img-1.jpg [36m304 [0m1.645 ms - -[0m
[0mGET /uploads/a3cb8aeb-c996-4828-8a1c-896116dfdbbb-img-5.jpg [36m304 [0m2.957 ms - -[0m
[0mOPTIONS /api/client/initiate-registration [32m204 [0m1.228 ms - 0[0m
[0mPOST /api/client/initiate-registration [31m500 [0m48642.732 ms - 63[0m
[0mOPTIONS /api/client/verify-otp [32m204 [0m0.782 ms - 0[0m
[0mPOST /api/client/verify-otp [32m201 [0m75.608 ms - 350[0m
[0mOPTIONS /api/client/verify-otp [32m204 [0m0.592 ms - 0[0m
[0mPOST /api/client/verify-otp [33m404 [0m3.889 ms - 37[0m
[0mOPTIONS / [32m204 [0m0.693 ms - 0[0m
[0mPOST / [33m404 [0m2.587 ms - 28[0m
[0mOPTIONS / [32m204 [0m0.597 ms - 0[0m
[0mPOST / [33m404 [0m1.393 ms - 28[0m
[0mGET /api/product/getAllGroceryStaple [36m304 [0m6.322 ms - -[0m
[0mGET /uploads/58bf04af-1d7b-4e80-b30f-6d287e9bcc5c-img-15.jpg [36m304 [0m2.117 ms - -[0m
[0mGET /uploads/d9059258-4228-45a9-95a3-42151e87f092-big-4.jpg [36m304 [0m1.902 ms - -[0m
[0mGET /uploads/927f767f-a97e-4cae-bb11-b2e42bab38ff-big-4.jpg [36m304 [0m1.678 ms - -[0m
[0mGET /uploads/983d746d-fe29-43e1-814d-589bc45392ee-big-4.jpg [36m304 [0m2.364 ms - -[0m
[0mGET /uploads/a3cb8aeb-c996-4828-8a1c-896116dfdbbb-img-5.jpg [36m304 [0m2.018 ms - -[0m
[0mGET /uploads/ce0178bc-a236-4231-a3cb-be0075186ac5-img-1.jpg [36m304 [0m1.456 ms - -[0m
[0mOPTIONS /api/client/login [32m204 [0m0.580 ms - 0[0m
[0mOPTIONS /api/client/login [32m204 [0m6.384 ms - 0[0m
[0mGET /api/product/getAllGroceryStaple [36m304 [0m32.833 ms - -[0m
[0mGET /uploads/58bf04af-1d7b-4e80-b30f-6d287e9bcc5c-img-15.jpg [36m304 [0m9.306 ms - -[0m
[0mGET /uploads/d9059258-4228-45a9-95a3-42151e87f092-big-4.jpg [36m304 [0m8.116 ms - -[0m
[0mGET /uploads/927f767f-a97e-4cae-bb11-b2e42bab38ff-big-4.jpg [36m304 [0m5.534 ms - -[0m
[0mGET /uploads/983d746d-fe29-43e1-814d-589bc45392ee-big-4.jpg [36m304 [0m5.139 ms - -[0m
[0mGET /uploads/a3cb8aeb-c996-4828-8a1c-896116dfdbbb-img-5.jpg [36m304 [0m4.667 ms - -[0m
[0mGET /uploads/ce0178bc-a236-4231-a3cb-be0075186ac5-img-1.jpg [36m304 [0m4.953 ms - -[0m
[0mOPTIONS /api/client/login [32m204 [0m1.048 ms - 0[0m
[0mOPTIONS /api/client/login [32m204 [0m2.931 ms - 0[0m
[0mGET /api/product/getAllGroceryStaple [36m304 [0m27.157 ms - -[0m
[0mGET /uploads/58bf04af-1d7b-4e80-b30f-6d287e9bcc5c-img-15.jpg [36m304 [0m10.552 ms - -[0m
[0mGET /uploads/d9059258-4228-45a9-95a3-42151e87f092-big-4.jpg [36m304 [0m6.476 ms - -[0m
[0mGET /uploads/927f767f-a97e-4cae-bb11-b2e42bab38ff-big-4.jpg [36m304 [0m6.200 ms - -[0m
[0mGET /uploads/983d746d-fe29-43e1-814d-589bc45392ee-big-4.jpg [36m304 [0m6.029 ms - -[0m
[0mGET /uploads/a3cb8aeb-c996-4828-8a1c-896116dfdbbb-img-5.jpg [36m304 [0m5.679 ms - -[0m
[0mGET /uploads/ce0178bc-a236-4231-a3cb-be0075186ac5-img-1.jpg [36m304 [0m5.999 ms - -[0m
[0mOPTIONS /api/client/login [32m204 [0m1.171 ms - 0[0m
[0mPOST /api/client/login [32m200 [0m269.617 ms - 199[0m
[0mGET /undefinedosby@nauta.cu [33m404 [0m10.277 ms - 2917[0m
[0mGET /api/product/getAllGroceryStaple [36m304 [0m27.003 ms - -[0m
[0mGET /uploads/58bf04af-1d7b-4e80-b30f-6d287e9bcc5c-img-15.jpg [36m304 [0m7.254 ms - -[0m
[0mGET /uploads/d9059258-4228-45a9-95a3-42151e87f092-big-4.jpg [36m304 [0m6.216 ms - -[0m
[0mGET /uploads/927f767f-a97e-4cae-bb11-b2e42bab38ff-big-4.jpg [36m304 [0m6.069 ms - -[0m
[0mGET /uploads/983d746d-fe29-43e1-814d-589bc45392ee-big-4.jpg [36m304 [0m6.439 ms - -[0m
[0mGET /uploads/a3cb8aeb-c996-4828-8a1c-896116dfdbbb-img-5.jpg [36m304 [0m7.060 ms - -[0m
[0mGET /uploads/ce0178bc-a236-4231-a3cb-be0075186ac5-img-1.jpg [36m304 [0m5.057 ms - -[0m
[0mGET /api/client/getUserByEmailId?email=osby@nauta.cu [32m200 [0m34.123 ms - 334[0m
[0mGET /api/product/getAllGroceryStaple [36m304 [0m34.102 ms - -[0m
[0mGET /uploads/58bf04af-1d7b-4e80-b30f-6d287e9bcc5c-img-15.jpg [36m304 [0m13.431 ms - -[0m
[0mGET /uploads/d9059258-4228-45a9-95a3-42151e87f092-big-4.jpg [36m304 [0m12.248 ms - -[0m
[0mGET /uploads/927f767f-a97e-4cae-bb11-b2e42bab38ff-big-4.jpg [36m304 [0m12.445 ms - -[0m
[0mGET /uploads/983d746d-fe29-43e1-814d-589bc45392ee-big-4.jpg [36m304 [0m12.612 ms - -[0m
[0mGET /uploads/a3cb8aeb-c996-4828-8a1c-896116dfdbbb-img-5.jpg [36m304 [0m11.745 ms - -[0m
[0mGET /uploads/ce0178bc-a236-4231-a3cb-be0075186ac5-img-1.jpg [36m304 [0m5.606 ms - -[0m
[0mPOST /api/product/add [31m500 [0m27.301 ms - 2813[0m
[0mGET /api/product/getWebProductById?id=6 [36m304 [0m11.094 ms - -[0m
[0mGET /api/product/getAllGroceryStaple [36m304 [0m15.057 ms - -[0m
[0mGET /api/client/getUserByEmailId?email=osby@nauta.cu [36m304 [0m16.321 ms - -[0m
[0mGET /uploads/58bf04af-1d7b-4e80-b30f-6d287e9bcc5c-img-15.jpg [36m304 [0m7.656 ms - -[0m
[0mGET /uploads/d9059258-4228-45a9-95a3-42151e87f092-big-4.jpg [36m304 [0m6.380 ms - -[0m
[0mGET /uploads/927f767f-a97e-4cae-bb11-b2e42bab38ff-big-4.jpg [36m304 [0m5.377 ms - -[0m
[0mGET /uploads/983d746d-fe29-43e1-814d-589bc45392ee-big-4.jpg [36m304 [0m4.816 ms - -[0m
[0mGET /uploads/ce0178bc-a236-4231-a3cb-be0075186ac5-img-1.jpg [36m304 [0m3.321 ms - -[0m
[0mGET /uploads/a3cb8aeb-c996-4828-8a1c-896116dfdbbb-img-5.jpg [36m304 [0m5.217 ms - -[0m
[0mPOST /api/product/add [31m500 [0m24.711 ms - 2813[0m
[0mGET /api/product/getAllGroceryStaple [36m304 [0m28.823 ms - -[0m
[0mGET /api/client/getUserByEmailId?email=osby@nauta.cu [36m304 [0m21.068 ms - -[0m
[0mGET /uploads/58bf04af-1d7b-4e80-b30f-6d287e9bcc5c-img-15.jpg [36m304 [0m14.119 ms - -[0m
[0mGET /uploads/d9059258-4228-45a9-95a3-42151e87f092-big-4.jpg [36m304 [0m12.073 ms - -[0m
[0mGET /uploads/927f767f-a97e-4cae-bb11-b2e42bab38ff-big-4.jpg [36m304 [0m11.080 ms - -[0m
[0mGET /uploads/983d746d-fe29-43e1-814d-589bc45392ee-big-4.jpg [36m304 [0m9.923 ms - -[0m
[0mGET /uploads/a3cb8aeb-c996-4828-8a1c-896116dfdbbb-img-5.jpg [36m304 [0m9.764 ms - -[0m
[0mGET /uploads/ce0178bc-a236-4231-a3cb-be0075186ac5-img-1.jpg [36m304 [0m9.659 ms - -[0m
[0mGET /uploads/ce0178bc-a236-4231-a3cb-be0075186ac5-img-1.jpg [36m304 [0m1.434 ms - -[0m
[0mGET /favicon.ico [33m404 [0m3.137 ms - 2917[0m
[0mGET /uploads/ce0178bc-a236-4231-a3cb-be0075186ac5-img-1.jpg [36m304 [0m5.002 ms - -[0m
[0mGET /uploads/ce0178bc-a236-4231-a3cb-be0075186ac5-img-1.jpg [36m304 [0m4.204 ms - -[0m
[0mGET /uploads/983d746d-fe29-43e1-814d-589bc45392ee-big-4.jpg [36m304 [0m1.395 ms - -[0m
[0mGET /api/product/getAllGroceryStaple [36m304 [0m35.737 ms - -[0m
[0mGET /api/client/getUserByEmailId?email=osby@nauta.cu [36m304 [0m27.999 ms - -[0m
[0mGET /uploads/58bf04af-1d7b-4e80-b30f-6d287e9bcc5c-img-15.jpg [36m304 [0m6.707 ms - -[0m
[0mGET /uploads/d9059258-4228-45a9-95a3-42151e87f092-big-4.jpg [36m304 [0m5.758 ms - -[0m
[0mGET /uploads/927f767f-a97e-4cae-bb11-b2e42bab38ff-big-4.jpg [36m304 [0m5.327 ms - -[0m
[0mGET /uploads/983d746d-fe29-43e1-814d-589bc45392ee-big-4.jpg [36m304 [0m5.416 ms - -[0m
[0mGET /uploads/a3cb8aeb-c996-4828-8a1c-896116dfdbbb-img-5.jpg [36m304 [0m4.971 ms - -[0m
[0mGET /uploads/ce0178bc-a236-4231-a3cb-be0075186ac5-img-1.jpg [36m304 [0m5.026 ms - -[0m
[0mPOST /api/product/add [31m500 [0m40.305 ms - 2818[0m
[0mPOST /api/product/add [32m200 [0m141.785 ms - 54[0m
[0mGET /api/product/getAllGroceryStaple [32m200 [0m25.212 ms - 3170[0m
[0mGET /api/client/getUserByEmailId?email=osby@nauta.cu [36m304 [0m29.800 ms - -[0m
[0mGET /uploads/58bf04af-1d7b-4e80-b30f-6d287e9bcc5c-img-15.jpg [36m304 [0m10.335 ms - -[0m
[0mGET /uploads/d9059258-4228-45a9-95a3-42151e87f092-big-4.jpg [36m304 [0m8.585 ms - -[0m
[0mGET /uploads/927f767f-a97e-4cae-bb11-b2e42bab38ff-big-4.jpg [36m304 [0m8.282 ms - -[0m
[0mGET /uploads/983d746d-fe29-43e1-814d-589bc45392ee-big-4.jpg [36m304 [0m6.950 ms - -[0m
[0mGET /uploads/a3cb8aeb-c996-4828-8a1c-896116dfdbbb-img-5.jpg [36m304 [0m6.517 ms - -[0m
[0mGET /uploads/ce0178bc-a236-4231-a3cb-be0075186ac5-img-1.jpg [36m304 [0m6.628 ms - -[0m
[0mGET /src/uploads/02cb9a56-2f4f-4d0b-8c60-d4e4762208d5-nehar-oil.jpeg [33m404 [0m10.951 ms - 2917[0m
[0mGET /uploads/983d746d-fe29-43e1-814d-589bc45392ee-big-4.jpg [36m304 [0m1.160 ms - -[0m
[0mGET /src/uploads/983d746d-fe29-43e1-814d-589bc45392ee-big-4.jpg [33m404 [0m2.066 ms - 2917[0m
[0mGET /uploads/983d746d-fe29-43e1-814d-589bc45392ee-big-4.jpg [36m304 [0m1.030 ms - -[0m
[0mPOST /api/product/add [32m200 [0m57.031 ms - 54[0m
[0mPOST /api/product/add [32m200 [0m85.055 ms - 54[0m
[0mGET /uploads/f4877f9c-4226-4d15-9230-5e84098046c3-nehar-oil.jpeg [33m404 [0m13.275 ms - 2917[0m
[0mGET /src/uploads/f4877f9c-4226-4d15-9230-5e84098046c3-nehar-oil.jpeg [33m404 [0m2.648 ms - 2917[0m
[0mGET /api/product/getAllGroceryStaple [32m200 [0m23.752 ms - 4051[0m
[0mGET /api/client/getUserByEmailId?email=osby@nauta.cu [36m304 [0m24.116 ms - -[0m
[0mGET /uploads/58bf04af-1d7b-4e80-b30f-6d287e9bcc5c-img-15.jpg [36m304 [0m8.551 ms - -[0m
[0mGET /uploads/d9059258-4228-45a9-95a3-42151e87f092-big-4.jpg [36m304 [0m6.477 ms - -[0m
[0mGET /uploads/927f767f-a97e-4cae-bb11-b2e42bab38ff-big-4.jpg [36m304 [0m7.140 ms - -[0m
[0mGET /uploads/983d746d-fe29-43e1-814d-589bc45392ee-big-4.jpg [36m304 [0m6.628 ms - -[0m
[0mGET /uploads/a3cb8aeb-c996-4828-8a1c-896116dfdbbb-img-5.jpg [36m304 [0m4.171 ms - -[0m
[0mGET /uploads/ce0178bc-a236-4231-a3cb-be0075186ac5-img-1.jpg [36m304 [0m3.534 ms - -[0m
[0mGET /src/uploads/b6afce76-da25-4e94-99e1-9cef59c9dcba-nehar-oil.jpeg [33m404 [0m6.749 ms - 2917[0m
[0mGET /src/uploads/02cb9a56-2f4f-4d0b-8c60-d4e4762208d5-nehar-oil.jpeg [33m404 [0m7.010 ms - 2917[0m
[0mGET /uploads/f4877f9c-4226-4d15-9230-5e84098046c3-nehar-oil.jpeg [33m404 [0m14.984 ms - 2917[0m
[0mPOST /api/product/add [32m200 [0m137.159 ms - 54[0m
[0mPOST /api/product/add [31m500 [0m40.754 ms - 2818[0m
[0mPOST /api/product/add [31m500 [0m25.307 ms - 2813[0m
[0mPOST /api/product/add [32m200 [0m137.023 ms - 54[0m
[0mPOST /api/product/add [31m500 [0m62.918 ms - 2813[0m
[0mPOST /api/product/add [32m200 [0m135.035 ms - 54[0m
[0mGET /api/product/getAllGroceryStaple [32m200 [0m23.481 ms - 2336[0m
[0mGET /api/client/getUserByEmailId?email=osby@nauta.cu [36m304 [0m24.675 ms - -[0m
[0mGET /uploads/58bf04af-1d7b-4e80-b30f-6d287e9bcc5c-img-15.jpg [36m304 [0m7.890 ms - -[0m
[0mGET /uploads/d9059258-4228-45a9-95a3-42151e87f092-big-4.jpg [36m304 [0m6.704 ms - -[0m
[0mGET /D:/PERSONAL/ecommerce/UPLOAD_GITHUB/ec-backend/src/uploads/172828c0-3ae6-469d-86ed-b35ec08bd757-nehar-oil.jpeg [33m404 [0m13.428 ms - 2917[0m
[0mGET /uploads/927f767f-a97e-4cae-bb11-b2e42bab38ff-big-4.jpg [36m304 [0m21.397 ms - -[0m
[0mGET /uploads/f2842e80-0397-4bc9-b7db-6eff18f2ea89-nehar-oil.jpeg [32m200 [0m20.221 ms - 38853[0m
[0mGET /uploads/f4877f9c-4226-4d15-9230-5e84098046c3-nehar-oil.jpeg [33m404 [0m4.213 ms - 2917[0m
[0mPOST /api/product/add [32m200 [0m105.467 ms - 54[0m
[0mGET /api/product/getAllGroceryStaple [32m200 [0m25.340 ms - 2284[0m
[0mGET /api/client/getUserByEmailId?email=osby@nauta.cu [36m304 [0m22.395 ms - -[0m
[0mGET /uploads/58bf04af-1d7b-4e80-b30f-6d287e9bcc5c-img-15.jpg [36m304 [0m11.440 ms - -[0m
[0mGET /uploads/d9059258-4228-45a9-95a3-42151e87f092-big-4.jpg [36m304 [0m9.976 ms - -[0m
[0mGET /uploads/927f767f-a97e-4cae-bb11-b2e42bab38ff-big-4.jpg [36m304 [0m8.846 ms - -[0m
[0mGET /uploads/f2842e80-0397-4bc9-b7db-6eff18f2ea89-nehar-oil.jpeg [36m304 [0m8.149 ms - -[0m
[0mGET /uploads/2f8ba05c-c5b8-4524-bb16-453796a445f9-nehar-oil.jpeg [32m200 [0m9.826 ms - 38853[0m
[0mPOST /api/product/add [32m200 [0m119.171 ms - 54[0m
[0mGET /api/product/getAllGroceryStaple [32m200 [0m14.365 ms - 2724[0m
[0mGET /api/client/getUserByEmailId?email=osby@nauta.cu [36m304 [0m12.708 ms - -[0m
[0mGET /uploads/58bf04af-1d7b-4e80-b30f-6d287e9bcc5c-img-15.jpg [36m304 [0m8.846 ms - -[0m
[0mGET /uploads/d9059258-4228-45a9-95a3-42151e87f092-big-4.jpg [36m304 [0m7.912 ms - -[0m
[0mGET /uploads/927f767f-a97e-4cae-bb11-b2e42bab38ff-big-4.jpg [36m304 [0m7.315 ms - -[0m
[0mGET /uploads/f2842e80-0397-4bc9-b7db-6eff18f2ea89-nehar-oil.jpeg [36m304 [0m6.791 ms - -[0m
[0mGET /uploads/2f8ba05c-c5b8-4524-bb16-453796a445f9-nehar-oil.jpeg [36m304 [0m7.928 ms - -[0m
[0mGET /uploads/333b252a-9672-4e76-9f5b-3ce840cc8e72-img-15.jpg [32m200 [0m6.425 ms - 7100[0m
[0mGET /api/product/getWebProductById?id=17 [32m200 [0m9.523 ms - 463[0m
[0mGET /api/product/getAllGroceryStaple [36m304 [0m7.915 ms - -[0m
[0mGET /uploads/58bf04af-1d7b-4e80-b30f-6d287e9bcc5c-img-15.jpg [36m304 [0m7.448 ms - -[0m
[0mGET /uploads/d9059258-4228-45a9-95a3-42151e87f092-big-4.jpg [36m304 [0m6.041 ms - -[0m
[0mGET /uploads/927f767f-a97e-4cae-bb11-b2e42bab38ff-big-4.jpg [36m304 [0m5.137 ms - -[0m
[0mGET /uploads/f2842e80-0397-4bc9-b7db-6eff18f2ea89-nehar-oil.jpeg [36m304 [0m4.132 ms - -[0m
[0mGET /uploads/2f8ba05c-c5b8-4524-bb16-453796a445f9-nehar-oil.jpeg [36m304 [0m3.212 ms - -[0m
[0mGET /uploads/333b252a-9672-4e76-9f5b-3ce840cc8e72-img-15.jpg [36m304 [0m3.084 ms - -[0m
[0mGET /undefinedgrocery-staples [33m404 [0m11.699 ms - 2917[0m
[0mGET /api/product/list/grocery-staples [32m200 [0m15.332 ms - 2724[0m
[0mGET /api/product/getWebProductById?id=6 [36m304 [0m4.729 ms - -[0m
[0mGET /undefinedgrocery-staples [33m404 [0m1.849 ms - 2917[0m
[0mGET /api/product/list/grocery-staples [32m200 [0m12.316 ms - 2799[0m
[0mGET /uploads/333b252a-9672-4e76-9f5b-3ce840cc8e72-img-15.jpg [36m304 [0m5.217 ms - -[0m
[0mGET /uploads/58bf04af-1d7b-4e80-b30f-6d287e9bcc5c-img-15.jpg [36m304 [0m3.964 ms - -[0m
[0mGET /uploads/d9059258-4228-45a9-95a3-42151e87f092-big-4.jpg [36m304 [0m3.684 ms - -[0m
[0mGET /uploads/927f767f-a97e-4cae-bb11-b2e42bab38ff-big-4.jpg [36m304 [0m3.395 ms - -[0m
[0mGET /uploads/f2842e80-0397-4bc9-b7db-6eff18f2ea89-nehar-oil.jpeg [36m304 [0m3.184 ms - -[0m
[0mGET /uploads/2f8ba05c-c5b8-4524-bb16-453796a445f9-nehar-oil.jpeg [36m304 [0m2.953 ms - -[0m
[0mGET /api/product/getWebProductById?id=17 [32m200 [0m7.215 ms - 538[0m
[0mGET /undefined [33m404 [0m2.575 ms - 2917[0m
[0mGET /api/product/getWebProductById?id=17 [32m200 [0m36.348 ms - 540[0m
[0mGET /api/client/getUserByEmailId?email=osby@nauta.cu [36m304 [0m23.899 ms - -[0m
[0mGET /api/product/getWebProductById?id=17 [32m200 [0m33.117 ms - 538[0m
[0mGET /api/client/getUserByEmailId?email=osby@nauta.cu [36m304 [0m26.897 ms - -[0m
[0mGET /undefined [33m404 [0m12.536 ms - 2917[0m
[0mGET /api/client/getUserByEmailId?email=osby@nauta.cu [36m304 [0m11.781 ms - -[0m
[0mGET /api/product/getWebProductById?id=17 [36m304 [0m16.717 ms - -[0m
[0mGET /undefined [33m404 [0m5.451 ms - 2917[0m
[0mGET /api/product/getWebProductById?id=17 [36m304 [0m5.678 ms - -[0m
[0mGET /api/client/getUserByEmailId?email=osby@nauta.cu [36m304 [0m5.851 ms - -[0m
[0mGET /undefined [33m404 [0m2.826 ms - 2917[0m
[0mGET /api/product/getAllGroceryStaple [32m200 [0m17.420 ms - 2799[0m
[0mGET /api/client/getUserByEmailId?email=osby@nauta.cu [36m304 [0m13.840 ms - -[0m
[0mGET /uploads/333b252a-9672-4e76-9f5b-3ce840cc8e72-img-15.jpg [36m304 [0m7.384 ms - -[0m
[0mGET /uploads/58bf04af-1d7b-4e80-b30f-6d287e9bcc5c-img-15.jpg [36m304 [0m9.175 ms - -[0m
[0mGET /uploads/d9059258-4228-45a9-95a3-42151e87f092-big-4.jpg [36m304 [0m7.536 ms - -[0m
[0mGET /uploads/927f767f-a97e-4cae-bb11-b2e42bab38ff-big-4.jpg [36m304 [0m7.523 ms - -[0m
[0mGET /uploads/f2842e80-0397-4bc9-b7db-6eff18f2ea89-nehar-oil.jpeg [36m304 [0m8.778 ms - -[0m
[0mGET /uploads/2f8ba05c-c5b8-4524-bb16-453796a445f9-nehar-oil.jpeg [36m304 [0m8.298 ms - -[0m
[0mGET /api/product/getWebProductById?id=17 [36m304 [0m4.744 ms - -[0m
[0mGET /undefined [33m404 [0m3.683 ms - 2917[0m
[0mGET /api/product/getWebProductById?id=17 [36m304 [0m7.059 ms - -[0m
[0mGET /api/client/getUserByEmailId?email=osby@nauta.cu [36m304 [0m7.358 ms - -[0m
[0mGET /undefined [33m404 [0m2.533 ms - 2917[0m
[0mGET /api/client/getUserByEmailId?email=osby@nauta.cu [36m304 [0m4.444 ms - -[0m
[0mGET /api/product/getWebProductById?id=17 [36m304 [0m9.125 ms - -[0m
[0mGET /undefined [33m404 [0m3.632 ms - 2917[0m
[0mGET /api/product/getWebProductById?id=17 [36m304 [0m4.544 ms - -[0m
[0mGET /api/client/getUserByEmailId?email=osby@nauta.cu [36m304 [0m8.038 ms - -[0m
[0mGET /undefined [33m404 [0m2.294 ms - 2917[0m
[0mGET /api/client/getUserByEmailId?email=osby@nauta.cu [36m304 [0m35.537 ms - -[0m
[0mGET /api/product/getWebProductById?id=17 [36m304 [0m31.168 ms - -[0m
[0mGET /undefined [33m404 [0m13.733 ms - 2917[0m
[0mGET /api/product/getAllGroceryStaple [32m200 [0m29.059 ms - 2799[0m
[0mGET /uploads/333b252a-9672-4e76-9f5b-3ce840cc8e72-img-15.jpg [36m304 [0m2.972 ms - -[0m
[0mGET /uploads/58bf04af-1d7b-4e80-b30f-6d287e9bcc5c-img-15.jpg [32m200 [0m9.717 ms - 7100[0m
[0mGET /uploads/927f767f-a97e-4cae-bb11-b2e42bab38ff-big-4.jpg [36m304 [0m5.038 ms - -[0m
[0mGET /uploads/d9059258-4228-45a9-95a3-42151e87f092-big-4.jpg [36m304 [0m3.333 ms - -[0m
[0mGET /uploads/f2842e80-0397-4bc9-b7db-6eff18f2ea89-nehar-oil.jpeg [36m304 [0m2.625 ms - -[0m
[0mGET /uploads/2f8ba05c-c5b8-4524-bb16-453796a445f9-nehar-oil.jpeg [36m304 [0m1.585 ms - -[0m
[0mOPTIONS /api/client/login [32m204 [0m0.822 ms - 0[0m
[0mPOST /api/client/login [32m200 [0m273.668 ms - 199[0m
[0mGET /api/product/getAllGroceryStaple [36m304 [0m17.365 ms - -[0m
[0mGET /api/client/getUserByEmailId?email=osby@nauta.cu [36m304 [0m18.254 ms - -[0m
[0mGET /uploads/333b252a-9672-4e76-9f5b-3ce840cc8e72-img-15.jpg [36m304 [0m8.226 ms - -[0m
[0mGET /uploads/58bf04af-1d7b-4e80-b30f-6d287e9bcc5c-img-15.jpg [36m304 [0m7.702 ms - -[0m
[0mGET /uploads/927f767f-a97e-4cae-bb11-b2e42bab38ff-big-4.jpg [36m304 [0m7.467 ms - -[0m
[0mGET /uploads/d9059258-4228-45a9-95a3-42151e87f092-big-4.jpg [36m304 [0m6.915 ms - -[0m
[0mGET /uploads/f2842e80-0397-4bc9-b7db-6eff18f2ea89-nehar-oil.jpeg [36m304 [0m5.770 ms - -[0m
[0mGET /uploads/2f8ba05c-c5b8-4524-bb16-453796a445f9-nehar-oil.jpeg [36m304 [0m5.528 ms - -[0m
[0mGET /api/product/getWebProductById?id=17 [36m304 [0m9.187 ms - -[0m
[0mGET /undefined [33m404 [0m11.391 ms - 2917[0m
[0mGET /api/product/getWebProductById?id=17 [36m304 [0m9.840 ms - -[0m
[0mGET /api/client/getUserByEmailId?email=osby@nauta.cu [36m304 [0m9.432 ms - -[0m
[0mGET /undefined [33m404 [0m2.506 ms - 2917[0m
[0mGET /api/product/getWebProductById?id=17 [36m304 [0m26.093 ms - -[0m
[0mGET /api/client/getUserByEmailId?email=osby@nauta.cu [36m304 [0m16.735 ms - -[0m
[0mGET /undefined [33m404 [0m15.528 ms - 2917[0m
[0mGET /api/product/getWebProductById?id=17 [33m404 [0m27.260 ms - 2961[0m
[0mGET /api/client/getUserByEmailId?email=osby@nauta.cu [36m304 [0m42.019 ms - -[0m
[0mGET /api/product/getWebProductById?id=17 [33m404 [0m7.319 ms - 2961[0m
[0mGET /api/client/getUserByEmailId?email=osby@nauta.cu [36m304 [0m16.837 ms - -[0m
[0mGET /api/product/getAllGroceryStaple [36m304 [0m22.556 ms - -[0m
[0mGET /api/client/getUserByEmailId?email=osby@nauta.cu [36m304 [0m22.075 ms - -[0m
[0mGET /uploads/333b252a-9672-4e76-9f5b-3ce840cc8e72-img-15.jpg [36m304 [0m13.271 ms - -[0m
[0mGET /uploads/58bf04af-1d7b-4e80-b30f-6d287e9bcc5c-img-15.jpg [36m304 [0m10.019 ms - -[0m
[0mGET /uploads/d9059258-4228-45a9-95a3-42151e87f092-big-4.jpg [36m304 [0m9.163 ms - -[0m
[0mGET /uploads/927f767f-a97e-4cae-bb11-b2e42bab38ff-big-4.jpg [36m304 [0m8.800 ms - -[0m
[0mGET /uploads/f2842e80-0397-4bc9-b7db-6eff18f2ea89-nehar-oil.jpeg [36m304 [0m8.565 ms - -[0m
[0mGET /uploads/2f8ba05c-c5b8-4524-bb16-453796a445f9-nehar-oil.jpeg [36m304 [0m8.983 ms - -[0m
[0mGET /api/product/getWebProductById?id= [33m404 [0m3.389 ms - 2961[0m
[0mGET /api/product/getWebProductById [33m404 [0m4.656 ms - 2961[0m
[0mGET /api/client/getUserByEmailId?email=osby@nauta.cu [36m304 [0m17.129 ms - -[0m
[0mGET /api/product/getWebProductById?id= [33m404 [0m3.486 ms - 2961[0m
[0mGET /api/client/getUserByEmailId?email=osby@nauta.cu [36m304 [0m9.330 ms - -[0m
[0mGET /api/product/getWebProductById?id= [31m500 [0m27.969 ms - 2818[0m
[0mGET /api/client/getUserByEmailId?email=osby@nauta.cu [36m304 [0m40.488 ms - -[0m
[0mGET /api/product/getWebProductById?id=17 [32m200 [0m12.947 ms - 538[0m
[0mGET /api/client/getUserByEmailId?email=osby@nauta.cu [36m304 [0m11.842 ms - -[0m
[0mGET /undefined [33m404 [0m5.545 ms - 2917[0m
[0mGET /api/product/getWebProductById?id=17 [36m304 [0m6.451 ms - -[0m
[0mGET /api/client/getUserByEmailId?email=osby@nauta.cu [36m304 [0m7.872 ms - -[0m
[0mGET /api/product/getWebProductById?id=17 [36m304 [0m7.787 ms - -[0m
[0mGET /api/client/getUserByEmailId?email=osby@nauta.cu [36m304 [0m6.179 ms - -[0m
[0mGET /undefined [33m404 [0m5.317 ms - 2917[0m
[0mGET /api/product/getAllGroceryStaple [36m304 [0m17.955 ms - -[0m
[0mGET /api/client/getUserByEmailId?email=osby@nauta.cu [36m304 [0m16.089 ms - -[0m
[0mGET /uploads/333b252a-9672-4e76-9f5b-3ce840cc8e72-img-15.jpg [36m304 [0m7.863 ms - -[0m
[0mGET /uploads/58bf04af-1d7b-4e80-b30f-6d287e9bcc5c-img-15.jpg [36m304 [0m5.770 ms - -[0m
[0mGET /uploads/d9059258-4228-45a9-95a3-42151e87f092-big-4.jpg [36m304 [0m5.478 ms - -[0m
[0mGET /uploads/927f767f-a97e-4cae-bb11-b2e42bab38ff-big-4.jpg [36m304 [0m5.937 ms - -[0m
[0mGET /uploads/f2842e80-0397-4bc9-b7db-6eff18f2ea89-nehar-oil.jpeg [36m304 [0m5.706 ms - -[0m
[0mGET /uploads/2f8ba05c-c5b8-4524-bb16-453796a445f9-nehar-oil.jpeg [36m304 [0m3.579 ms - -[0m
[0mGET /api/product/getWebProductById?id=17 [36m304 [0m5.406 ms - -[0m
[0mGET /undefined [33m404 [0m3.627 ms - 2917[0m
[0mGET /api/product/getWebProductById?id=17 [36m304 [0m8.964 ms - -[0m
[0mGET /api/client/getUserByEmailId?email=osby@nauta.cu [36m304 [0m7.683 ms - -[0m
[0mGET /undefined [33m404 [0m2.964 ms - 2917[0m
[0mGET /api/product/getWebProductById?id=17 [36m304 [0m7.748 ms - -[0m
[0mGET /api/client/getUserByEmailId?email=osby@nauta.cu [36m304 [0m10.136 ms - -[0m
[0mGET /undefined [33m404 [0m2.503 ms - 2917[0m
[0mGET /uploads/333b252a-9672-4e76-9f5b-3ce840cc8e72-img-15.jpg [36m304 [0m1.491 ms - -[0m
[0mGET /api/product/getWebProductById?id=17 [36m304 [0m7.470 ms - -[0m
[0mGET /api/client/getUserByEmailId?email=osby@nauta.cu [36m304 [0m7.527 ms - -[0m
[0mGET /undefined [33m404 [0m3.719 ms - 2917[0m
[0mGET /api/product/getWebProductById?id=17 [36m304 [0m8.517 ms - -[0m
[0mGET /api/client/getUserByEmailId?email=osby@nauta.cu [36m304 [0m9.168 ms - -[0m
[0mGET /uploads/333b252a-9672-4e76-9f5b-3ce840cc8e72-img-15.jpg [36m304 [0m1.358 ms - -[0m
[0mPOST /api/auth/register [33m409 [0m299.693 ms - 38[0m
[0mOPTIONS /api/auth/rootLogin [32m204 [0m1.304 ms - 0[0m
[0mPOST /api/auth/rootLogin [32m200 [0m265.711 ms - 383[0m
[0mOPTIONS /api/order/list [32m204 [0m0.481 ms - 0[0m
[0mOPTIONS /api/order/count [32m204 [0m0.666 ms - 0[0m
[0mGET /api/order/list [33m404 [0m2.244 ms - 2921[0m
[0mGET /api/order/count [33m404 [0m5.853 ms - 2921[0m
[0mOPTIONS /api/product/getAllproductList [32m204 [0m0.716 ms - 0[0m
[0mGET /api/product/getAllproductList [33m404 [0m3.622 ms - 2961[0m
[0mOPTIONS /api/product/getAllproductList [32m204 [0m5.208 ms - 0[0m
[0mGET /api/product/getAllproductList [31m500 [0m18.606 ms - 2818[0m
[0mOPTIONS /api/product/getAllproductList [32m204 [0m5.870 ms - 0[0m
[0mGET /api/product/getAllproductList [32m200 [0m61.668 ms - 3024[0m
[0mGET /uploads/333b252a-9672-4e76-9f5b-3ce840cc8e72-img-15.jpg [36m304 [0m17.767 ms - -[0m
[0mGET /uploads/2f8ba05c-c5b8-4524-bb16-453796a445f9-nehar-oil.jpeg [36m304 [0m15.750 ms - -[0m
[0mGET /uploads/f2842e80-0397-4bc9-b7db-6eff18f2ea89-nehar-oil.jpeg [36m304 [0m9.010 ms - -[0m
[0mGET /uploads/927f767f-a97e-4cae-bb11-b2e42bab38ff-big-4.jpg [36m304 [0m7.328 ms - -[0m
[0mGET /uploads/d9059258-4228-45a9-95a3-42151e87f092-big-4.jpg [36m304 [0m6.241 ms - -[0m
[0mGET /uploads/58bf04af-1d7b-4e80-b30f-6d287e9bcc5c-img-15.jpg [36m304 [0m5.296 ms - -[0m
[0mOPTIONS /api/category/main-list [32m204 [0m1.406 ms - 0[0m
[0mGET /api/category/main-list [33m404 [0m13.621 ms - 2921[0m
[0mOPTIONS /api/category/list [32m204 [0m0.792 ms - 0[0m
[0mGET /api/category/list [33m404 [0m2.262 ms - 2921[0m
[0mOPTIONS /api/category/main-list [32m204 [0m1.490 ms - 0[0m
[0mOPTIONS /api/category/sub-list [32m204 [0m2.055 ms - 0[0m
[0mGET /api/category/main-list [33m404 [0m3.311 ms - 2921[0m
[0mGET /api/category/sub-list [31m500 [0m12.708 ms - 2988[0m
[0mOPTIONS /api/category/list [32m204 [0m0.499 ms - 0[0m
[0mGET /api/category/main-list [33m404 [0m3.202 ms - 2921[0m
[0mGET /api/category/list [33m404 [0m6.512 ms - 2921[0m
[0mOPTIONS /api/category/main-list [32m204 [0m0.609 ms - 0[0m
[0mGET /api/category/main-list [33m404 [0m4.101 ms - 2921[0m
[0mOPTIONS /api/order/list [32m204 [0m0.469 ms - 0[0m
[0mOPTIONS /api/order/count [32m204 [0m0.666 ms - 0[0m
[0mGET /api/order/list [33m404 [0m3.804 ms - 2921[0m
[0mGET /api/order/count [33m404 [0m6.201 ms - 2921[0m
[0mOPTIONS /api/product/getAllproductList [32m204 [0m0.773 ms - 0[0m
[0mGET /api/product/getAllproductList [36m304 [0m40.605 ms - -[0m
[0mGET /uploads/333b252a-9672-4e76-9f5b-3ce840cc8e72-img-15.jpg [36m304 [0m1.896 ms - -[0m
[0mGET /uploads/2f8ba05c-c5b8-4524-bb16-453796a445f9-nehar-oil.jpeg [36m304 [0m12.651 ms - -[0m
[0mGET /uploads/f2842e80-0397-4bc9-b7db-6eff18f2ea89-nehar-oil.jpeg [36m304 [0m11.197 ms - -[0m
[0mGET /uploads/927f767f-a97e-4cae-bb11-b2e42bab38ff-big-4.jpg [36m304 [0m9.791 ms - -[0m
[0mGET /uploads/d9059258-4228-45a9-95a3-42151e87f092-big-4.jpg [36m304 [0m7.514 ms - -[0m
[0mGET /uploads/58bf04af-1d7b-4e80-b30f-6d287e9bcc5c-img-15.jpg [36m304 [0m6.607 ms - -[0m
[0mOPTIONS /api/auth/rootLogin [32m204 [0m5.083 ms - 0[0m
[0mPOST /api/auth/rootLogin [33m401 [0m18.723 ms - 34[0m
[0mOPTIONS /api/auth/rootLogin [32m204 [0m1.247 ms - 0[0m
[0mPOST /api/auth/rootLogin [33m401 [0m8.638 ms - 34[0m
[0mOPTIONS /api/auth/rootLogin [32m204 [0m0.997 ms - 0[0m
[0mPOST /api/auth/rootLogin [33m401 [0m6.799 ms - 34[0m
[0mOPTIONS /api/auth/rootLogin [32m204 [0m1.701 ms - 0[0m
[0mPOST /api/auth/rootLogin [33m401 [0m6.084 ms - 34[0m
[0mPOST /api/auth/rootLogin [33m401 [0m6.887 ms - 34[0m
[0mOPTIONS /api/auth/rootLogin [32m204 [0m0.964 ms - 0[0m
[0mPOST /api/auth/rootLogin [33m401 [0m4.104 ms - 34[0m
[0mOPTIONS /api/auth/rootLogin [32m204 [0m1.106 ms - 0[0m
[0mPOST /api/auth/rootLogin [33m401 [0m5.394 ms - 34[0m
[0mPOST /api/auth/rootLogin [33m401 [0m233.116 ms - 34[0m
[0mOPTIONS /api/auth/rootLogin [32m204 [0m0.939 ms - 0[0m
[0mPOST /api/auth/rootLogin [32m200 [0m252.528 ms - 383[0m
[0mOPTIONS /api/order/list [32m204 [0m1.180 ms - 0[0m
[0mOPTIONS /api/order/count [32m204 [0m0.692 ms - 0[0m
[0mGET /api/order/list [33m404 [0m12.851 ms - 2921[0m
[0mGET /api/order/count [33m404 [0m5.551 ms - 2921[0m
[0mOPTIONS /api/product/getAllproductList [32m204 [0m0.489 ms - 0[0m
[0mGET /api/product/getAllproductList [36m304 [0m76.945 ms - -[0m
[0mGET /uploads/333b252a-9672-4e76-9f5b-3ce840cc8e72-img-15.jpg [36m304 [0m9.931 ms - -[0m
[0mGET /uploads/2f8ba05c-c5b8-4524-bb16-453796a445f9-nehar-oil.jpeg [36m304 [0m9.009 ms - -[0m
[0mGET /uploads/f2842e80-0397-4bc9-b7db-6eff18f2ea89-nehar-oil.jpeg [36m304 [0m8.050 ms - -[0m
[0mGET /uploads/927f767f-a97e-4cae-bb11-b2e42bab38ff-big-4.jpg [36m304 [0m7.295 ms - -[0m
[0mGET /uploads/d9059258-4228-45a9-95a3-42151e87f092-big-4.jpg [36m304 [0m6.086 ms - -[0m
[0mGET /uploads/58bf04af-1d7b-4e80-b30f-6d287e9bcc5c-img-15.jpg [36m304 [0m5.741 ms - -[0m
[0mOPTIONS /api/category/main-list [32m204 [0m0.778 ms - 0[0m
[0mGET /api/category/main-list [33m404 [0m3.961 ms - 2921[0m
[0mGET /api/product/getAllGroceryStaple [36m304 [0m42.017 ms - -[0m
[0mGET /uploads/333b252a-9672-4e76-9f5b-3ce840cc8e72-img-15.jpg [36m304 [0m16.936 ms - -[0m
[0mGET /uploads/58bf04af-1d7b-4e80-b30f-6d287e9bcc5c-img-15.jpg [36m304 [0m12.836 ms - -[0m
[0mGET /uploads/d9059258-4228-45a9-95a3-42151e87f092-big-4.jpg [36m304 [0m12.247 ms - -[0m
[0mGET /uploads/927f767f-a97e-4cae-bb11-b2e42bab38ff-big-4.jpg [36m304 [0m11.792 ms - -[0m
[0mGET /uploads/f2842e80-0397-4bc9-b7db-6eff18f2ea89-nehar-oil.jpeg [36m304 [0m11.864 ms - -[0m
[0mGET /uploads/2f8ba05c-c5b8-4524-bb16-453796a445f9-nehar-oil.jpeg [36m304 [0m7.794 ms - -[0m
[0mGET /api/product/getWebProductById?id=16 [32m200 [0m10.410 ms - 453[0m
[0mGET /api/product/getAllGroceryStaple [36m304 [0m7.963 ms - -[0m
[0mGET /uploads/333b252a-9672-4e76-9f5b-3ce840cc8e72-img-15.jpg [36m304 [0m6.894 ms - -[0m
[0mGET /uploads/58bf04af-1d7b-4e80-b30f-6d287e9bcc5c-img-15.jpg [36m304 [0m6.145 ms - -[0m
[0mGET /uploads/d9059258-4228-45a9-95a3-42151e87f092-big-4.jpg [36m304 [0m5.713 ms - -[0m
[0mGET /uploads/927f767f-a97e-4cae-bb11-b2e42bab38ff-big-4.jpg [36m304 [0m5.213 ms - -[0m
[0mGET /uploads/f2842e80-0397-4bc9-b7db-6eff18f2ea89-nehar-oil.jpeg [36m304 [0m5.001 ms - -[0m
[0mGET /uploads/2f8ba05c-c5b8-4524-bb16-453796a445f9-nehar-oil.jpeg [36m304 [0m4.567 ms - -[0m
[0mGET /api/product/getAllGroceryStaple [36m304 [0m8.143 ms - -[0m
[0mGET /uploads/333b252a-9672-4e76-9f5b-3ce840cc8e72-img-15.jpg [36m304 [0m5.297 ms - -[0m
[0mGET /uploads/58bf04af-1d7b-4e80-b30f-6d287e9bcc5c-img-15.jpg [36m304 [0m5.536 ms - -[0m
[0mGET /uploads/d9059258-4228-45a9-95a3-42151e87f092-big-4.jpg [36m304 [0m4.684 ms - -[0m
[0mGET /uploads/927f767f-a97e-4cae-bb11-b2e42bab38ff-big-4.jpg [36m304 [0m4.486 ms - -[0m
[0mGET /uploads/f2842e80-0397-4bc9-b7db-6eff18f2ea89-nehar-oil.jpeg [36m304 [0m4.258 ms - -[0m
[0mGET /uploads/2f8ba05c-c5b8-4524-bb16-453796a445f9-nehar-oil.jpeg [36m304 [0m4.095 ms - -[0m
[0mGET /api/product/getWebProductById?id=17 [36m304 [0m6.044 ms - -[0m
[0mGET /api/product/getAllGroceryStaple [36m304 [0m8.318 ms - -[0m
[0mGET /api/product/getWebProductById?id=4 [36m304 [0m2.994 ms - -[0m
[0mGET /api/product/getAllGroceryStaple [36m304 [0m17.321 ms - -[0m
[0mGET /uploads/333b252a-9672-4e76-9f5b-3ce840cc8e72-img-15.jpg [36m304 [0m7.607 ms - -[0m
[0mGET /uploads/58bf04af-1d7b-4e80-b30f-6d287e9bcc5c-img-15.jpg [36m304 [0m5.837 ms - -[0m
[0mGET /uploads/927f767f-a97e-4cae-bb11-b2e42bab38ff-big-4.jpg [36m304 [0m5.200 ms - -[0m
[0mGET /uploads/f2842e80-0397-4bc9-b7db-6eff18f2ea89-nehar-oil.jpeg [36m304 [0m4.853 ms - -[0m
[0mGET /uploads/d9059258-4228-45a9-95a3-42151e87f092-big-4.jpg [36m304 [0m6.360 ms - -[0m
[0mGET /uploads/2f8ba05c-c5b8-4524-bb16-453796a445f9-nehar-oil.jpeg [36m304 [0m5.655 ms - -[0m
[0mGET /api/product/getAllGroceryStaple [36m304 [0m6.964 ms - -[0m
[0mGET /uploads/333b252a-9672-4e76-9f5b-3ce840cc8e72-img-15.jpg [36m304 [0m8.718 ms - -[0m
[0mGET /uploads/58bf04af-1d7b-4e80-b30f-6d287e9bcc5c-img-15.jpg [36m304 [0m8.072 ms - -[0m
[0mGET /uploads/d9059258-4228-45a9-95a3-42151e87f092-big-4.jpg [36m304 [0m8.286 ms - -[0m
[0mGET /uploads/927f767f-a97e-4cae-bb11-b2e42bab38ff-big-4.jpg [36m304 [0m7.815 ms - -[0m
[0mGET /uploads/f2842e80-0397-4bc9-b7db-6eff18f2ea89-nehar-oil.jpeg [36m304 [0m7.108 ms - -[0m
[0mGET /uploads/2f8ba05c-c5b8-4524-bb16-453796a445f9-nehar-oil.jpeg [36m304 [0m6.539 ms - -[0m
[0mGET /api/product/getWebProductById?id=5 [36m304 [0m7.788 ms - -[0m
[0mGET /api/product/getAllGroceryStaple [36m304 [0m7.404 ms - -[0m
[0mGET /api/product/getAllGroceryStaple [36m304 [0m5.904 ms - -[0m
[0mGET /uploads/333b252a-9672-4e76-9f5b-3ce840cc8e72-img-15.jpg [36m304 [0m4.415 ms - -[0m
[0mGET /uploads/58bf04af-1d7b-4e80-b30f-6d287e9bcc5c-img-15.jpg [36m304 [0m9.342 ms - -[0m
[0mGET /uploads/d9059258-4228-45a9-95a3-42151e87f092-big-4.jpg [36m304 [0m7.460 ms - -[0m
[0mGET /uploads/927f767f-a97e-4cae-bb11-b2e42bab38ff-big-4.jpg [36m304 [0m6.007 ms - -[0m
[0mGET /uploads/f2842e80-0397-4bc9-b7db-6eff18f2ea89-nehar-oil.jpeg [36m304 [0m4.502 ms - -[0m
[0mGET /uploads/2f8ba05c-c5b8-4524-bb16-453796a445f9-nehar-oil.jpeg [36m304 [0m2.549 ms - -[0m
