[0mGET / [33m404 [0m94.365 ms - 2917[0m
[0mGET /api/client/list [32m200 [0m35.423 ms - 321[0m
[0mGET /api/product/getWebProductById?id=6 [32m200 [0m47.140 ms - 457[0m
[0mGET /api/product/getAllGroceryStaple [32m200 [0m23.917 ms - 2799[0m
[0mGET /api/product/getAllGroceryStaple [32m200 [0m8.268 ms - 2799[0m
[0mGET /uploads/333b252a-9672-4e76-9f5b-3ce840cc8e72-img-15.jpg [32m200 [0m8.344 ms - 7100[0m
[0mGET /uploads/58bf04af-1d7b-4e80-b30f-6d287e9bcc5c-img-15.jpg [32m200 [0m8.101 ms - 7100[0m
[0mGET /uploads/f2842e80-0397-4bc9-b7db-6eff18f2ea89-nehar-oil.jpeg [32m200 [0m8.637 ms - 38853[0m
[0mGET /uploads/927f767f-a97e-4cae-bb11-b2e42bab38ff-big-4.jpg [32m200 [0m8.103 ms - 71622[0m
[0mGET /uploads/d9059258-4228-45a9-95a3-42151e87f092-big-4.jpg [32m200 [0m11.220 ms - 71622[0m
[0mGET /uploads/2f8ba05c-c5b8-4524-bb16-453796a445f9-nehar-oil.jpeg [32m200 [0m8.496 ms - 38853[0m
[0mGET /uploads/c6a96204-c737-4ce5-864d-b73d2a376e67-tv1.jpg [33m404 [0m24.716 ms - 2917[0m
[0mGET /api/client/list [32m200 [0m3.147 ms - 321[0m
[0mOPTIONS /api/customer/initiate-registration [32m204 [0m1.083 ms - 0[0m
[0mPOST /api/customer/initiate-registration [33m404 [0m6.678 ms - 28[0m
[0mOPTIONS /api/customer/verify-otp [32m204 [0m1.865 ms - 0[0m
[0mPOST /api/customer/verify-otp [33m404 [0m3.083 ms - 28[0m
[0mOPTIONS /api/customer/login [32m204 [0m1.248 ms - 0[0m
[0mPOST /api/customer/login [33m404 [0m2.468 ms - 28[0m
[0mOPTIONS /api/client/login [32m204 [0m4.972 ms - 0[0m
[0mPOST /api/client/login [32m200 [0m191.669 ms - 199[0m
[0mGET /api/client/getUserByEmailId?email=osby@nauta.cu [32m200 [0m30.663 ms - 334[0m
[0mGET /api/client/getUserByEmailId?email=osby@nauta.cu [36m304 [0m9.157 ms - -[0m
[0mGET /api/client/getUserByEmailId?email=osby@nauta.cu [36m304 [0m11.302 ms - -[0m
[0mGET /api/client/getUserByEmailId?email=osby@nauta.cu [36m304 [0m5.592 ms - -[0m
[0mGET /api/product/getAllGroceryStaple [36m304 [0m15.507 ms - -[0m
[0mGET /uploads/333b252a-9672-4e76-9f5b-3ce840cc8e72-img-15.jpg [36m304 [0m4.046 ms - -[0m
[0mGET /uploads/58bf04af-1d7b-4e80-b30f-6d287e9bcc5c-img-15.jpg [36m304 [0m2.318 ms - -[0m
[0mGET /uploads/d9059258-4228-45a9-95a3-42151e87f092-big-4.jpg [36m304 [0m3.305 ms - -[0m
[0mGET /uploads/927f767f-a97e-4cae-bb11-b2e42bab38ff-big-4.jpg [36m304 [0m3.530 ms - -[0m
[0mGET /uploads/f2842e80-0397-4bc9-b7db-6eff18f2ea89-nehar-oil.jpeg [36m304 [0m2.930 ms - -[0m
[0mGET /uploads/2f8ba05c-c5b8-4524-bb16-453796a445f9-nehar-oil.jpeg [36m304 [0m2.799 ms - -[0m
[0mOPTIONS /api/customer/login [32m204 [0m1.159 ms - 0[0m
[0mPOST /api/customer/login [33m404 [0m4.146 ms - 28[0m
[0mPOST /api/customer/login [33m404 [0m4.395 ms - 28[0m
[0mOPTIONS /api/customer/login [32m204 [0m0.779 ms - 0[0m
[0mPOST /api/customer/login [33m404 [0m3.171 ms - 28[0m
[0mGET /api/product/getAllGroceryStaple [36m304 [0m10.614 ms - -[0m
[0mGET /uploads/333b252a-9672-4e76-9f5b-3ce840cc8e72-img-15.jpg [36m304 [0m11.342 ms - -[0m
[0mGET /uploads/58bf04af-1d7b-4e80-b30f-6d287e9bcc5c-img-15.jpg [36m304 [0m9.486 ms - -[0m
[0mGET /uploads/d9059258-4228-45a9-95a3-42151e87f092-big-4.jpg [36m304 [0m7.512 ms - -[0m
[0mGET /uploads/927f767f-a97e-4cae-bb11-b2e42bab38ff-big-4.jpg [36m304 [0m6.661 ms - -[0m
[0mGET /uploads/f2842e80-0397-4bc9-b7db-6eff18f2ea89-nehar-oil.jpeg [36m304 [0m5.745 ms - -[0m
[0mGET /uploads/2f8ba05c-c5b8-4524-bb16-453796a445f9-nehar-oil.jpeg [36m304 [0m5.747 ms - -[0m
[0mOPTIONS /api/customer/login [32m204 [0m0.602 ms - 0[0m
[0mPOST /api/customer/login [33m404 [0m2.988 ms - 28[0m
[0mOPTIONS /api/customer/login [32m204 [0m0.999 ms - 0[0m
[0mPOST /api/customer/login [33m404 [0m2.742 ms - 28[0m
[0mOPTIONS /api/customer/initiate-registration [32m204 [0m0.811 ms - 0[0m
[0mPOST /api/customer/initiate-registration [33m404 [0m2.570 ms - 28[0m
[0mOPTIONS /api/customer/login [32m204 [0m1.667 ms - 0[0m
[0mPOST /api/customer/login [33m404 [0m2.829 ms - 28[0m
[0mOPTIONS /api/customer/login [32m204 [0m0.837 ms - 0[0m
[0mPOST /api/customer/login [33m404 [0m1.899 ms - 28[0m
[0mOPTIONS /api/customer/login [32m204 [0m1.313 ms - 0[0m
[0mPOST /api/customer/login [33m404 [0m2.342 ms - 28[0m
[0mGET /api/category/list [36m302 [0m8.641 ms - 29[0m
[0mGET /logout [33m404 [0m8.831 ms - 2631[0m
[0mGET /api/category/main/list [32m200 [0m7.401 ms - 26[0m
[0mPOST /api/category/create [32m200 [0m92.385 ms - 55[0m
[0mPOST /api/category/create [32m200 [0m35.825 ms - 55[0m
[0mPOST /api/category/create [32m200 [0m13.466 ms - 55[0m
[0mPOST /api/category/create [32m200 [0m119.772 ms - 55[0m
[0mPOST /api/category/create [32m200 [0m15.966 ms - 55[0m
[0mPOST /api/category/create [32m200 [0m77.531 ms - 55[0m
[0mPOST /api/category/create [32m200 [0m89.081 ms - 55[0m
[0mGET /api/category/main/list [32m200 [0m6.617 ms - 945[0m
[0mPOST /api/category/sub-category/create [32m200 [0m134.990 ms - 55[0m
[0mPOST /api/category/sub-category/create [32m200 [0m59.727 ms - 55[0m
[0mPOST /api/category/sub-category/create [32m200 [0m97.863 ms - 55[0m
[0mPOST /api/category/sub-category/create [32m200 [0m48.051 ms - 55[0m
[0mPOST /api/category/sub-category/create [32m200 [0m37.915 ms - 55[0m
[0mPOST /api/category/sub-category/create [32m200 [0m41.051 ms - 55[0m
[0mGET /api/category/main/list [32m200 [0m8.813 ms - 945[0m
[0mGET /api/category/list [36m302 [0m4.053 ms - 29[0m
[0mGET /logout [33m404 [0m21.093 ms - 2631[0m
[0mGET /api/category/list [36m302 [0m7.422 ms - 29[0m
[0mGET /logout [33m404 [0m10.545 ms - 2631[0m
[0mGET /api/category/list [36m302 [0m12.717 ms - 29[0m
[0mGET /logout [33m404 [0m14.628 ms - 2631[0m
[0mPOST /api/category/sub-category/create [32m200 [0m119.781 ms - 55[0m
[0mPOST /api/category/sub-category/create [32m200 [0m26.048 ms - 55[0m
[0mPOST /api/category/sub-category/create [32m200 [0m115.612 ms - 55[0m
[0mPOST /api/category/sub-category/create [32m200 [0m129.279 ms - 55[0m
[0mPOST /api/category/sub-category/create [32m200 [0m39.492 ms - 55[0m
[0mPOST /api/category/sub-category/create [32m200 [0m58.822 ms - 55[0m
[0mPOST /api/category/sub-category/create [32m200 [0m67.467 ms - 55[0m
[0mPOST /api/category/sub-category/create [32m200 [0m83.462 ms - 55[0m
[0mPOST /api/category/sub-category/create [32m200 [0m85.358 ms - 55[0m
[0mPOST /api/category/sub-category/create [32m200 [0m34.546 ms - 55[0m
[0mPOST /api/category/sub-category/create [32m200 [0m14.580 ms - 55[0m
[0mPOST /api/category/sub-category/create [32m200 [0m34.714 ms - 55[0m
[0mPOST /api/category/sub-category/create [32m200 [0m30.489 ms - 55[0m
[0mPOST /api/category/sub-category/create [32m200 [0m25.797 ms - 55[0m
[0mPOST /api/category/sub-category/create [32m200 [0m33.383 ms - 55[0m
[0mPOST /api/category/sub-category/create [32m200 [0m101.787 ms - 55[0m
[0mPOST /api/category/sub-category/create [32m200 [0m19.594 ms - 55[0m
[0mPOST /api/category/sub-category/create [32m200 [0m87.714 ms - 55[0m
[0mPOST /api/category/sub-category/create [32m200 [0m16.775 ms - 55[0m
[0mPOST /api/category/sub-category/create [32m200 [0m25.586 ms - 55[0m
[0mPOST /api/category/sub-category/create [32m200 [0m8.597 ms - 55[0m
[0mPOST /api/category/sub-category/create [32m200 [0m50.362 ms - 55[0m
[0mPOST /api/category/sub-category/create [32m200 [0m40.481 ms - 55[0m
[0mPOST /api/category/sub-category/create [32m200 [0m53.482 ms - 55[0m
[0mPOST /api/category/sub-category/create [32m200 [0m33.038 ms - 55[0m
[0mPOST /api/category/sub-category/create [32m200 [0m20.334 ms - 55[0m
[0mPOST /api/category/sub-category/create [32m200 [0m31.358 ms - 55[0m
[0mPOST /api/category/sub-category/create [32m200 [0m77.900 ms - 55[0m
[0mPOST /api/category/sub-category/create [32m200 [0m29.027 ms - 55[0m
[0mPOST /api/category/sub-category/create [32m200 [0m17.330 ms - 55[0m
[0mPOST /api/category/sub-category/create [32m200 [0m46.316 ms - 55[0m
[0mPOST /api/category/sub-category/create [32m200 [0m26.239 ms - 55[0m
[0mPOST /api/category/sub-category/create [32m200 [0m42.066 ms - 55[0m
[0mPOST /api/category/sub-category/create [32m200 [0m29.006 ms - 55[0m
[0mPOST /api/category/sub-category/create [32m200 [0m22.287 ms - 55[0m
[0mPOST /api/category/sub-category/create [32m200 [0m22.924 ms - 55[0m
[0mPOST /api/category/sub-category/create [32m200 [0m43.595 ms - 55[0m
[0mPOST /api/category/sub-category/create [32m200 [0m39.984 ms - 55[0m
[0mPOST /api/category/sub-category/create [32m200 [0m10.545 ms - 55[0m
