[0mPOST /api/category/child-category/create [32m200 [0m72.457 ms - 60[0m
[0mPOST /api/category/child-category/create [32m200 [0m28.821 ms - 60[0m
[0mPOST /api/category/child-category/create [32m200 [0m39.819 ms - 60[0m
[0mPOST /api/category/child-category/create [32m200 [0m39.637 ms - 60[0m
[0mPOST /api/category/child-category/create [32m200 [0m48.823 ms - 60[0m
[0mPOST /api/category/child-category/create [32m200 [0m15.754 ms - 60[0m
[0mPOST /api/category/child-category/create [32m200 [0m107.993 ms - 60[0m
[0mPOST /api/category/child-category/create [32m200 [0m33.294 ms - 60[0m
[0mPOST /api/category/child-category/create [32m200 [0m32.828 ms - 60[0m
[0mPOST /api/category/child-category/create [32m200 [0m34.725 ms - 60[0m
[0mPOST /api/category/child-category/create [32m200 [0m104.081 ms - 60[0m
[0mPOST /api/category/child-category/create [32m200 [0m28.385 ms - 60[0m
[0mPOST /api/category/child-category/create [32m200 [0m71.336 ms - 60[0m
[0mPOST /api/category/child-category/create [32m200 [0m73.708 ms - 60[0m
[0mPOST /api/category/child-category/create [32m200 [0m23.500 ms - 60[0m
[0mPOST /api/category/child-category/create [32m200 [0m46.950 ms - 60[0m
[0mPOST /api/category/child-category/create [32m200 [0m94.111 ms - 60[0m
[0mPOST /api/category/child-category/create [32m200 [0m31.430 ms - 60[0m
[0mPOST /api/category/child-category/create [32m200 [0m23.483 ms - 60[0m
[0mPOST /api/category/child-category/create [32m200 [0m43.337 ms - 60[0m
[0mPOST /api/category/child-category/create [32m200 [0m106.145 ms - 60[0m
[0mPOST /api/category/child-category/create [32m200 [0m57.644 ms - 60[0m
[0mPOST /api/category/child-category/create [32m200 [0m37.340 ms - 60[0m
[0mPOST /api/category/child-category/create [32m200 [0m10.794 ms - 60[0m
[0mPOST /api/category/child-category/create [32m200 [0m92.807 ms - 60[0m
[0mPOST /api/category/child-category/create [32m200 [0m18.066 ms - 60[0m
[0mPOST /api/category/child-category/create [32m200 [0m13.747 ms - 60[0m
[0mPOST /api/category/child-category/create [32m200 [0m30.914 ms - 60[0m
[0mPOST /api/category/child-category/create [32m200 [0m22.276 ms - 60[0m
[0mPOST /api/category/child-category/create [32m200 [0m44.023 ms - 60[0m
[0mPOST /api/category/child-category/create [32m200 [0m26.843 ms - 60[0m
[0mPOST /api/category/child-category/create [32m200 [0m26.204 ms - 60[0m
[0mPOST /api/category/child-category/create [32m200 [0m14.318 ms - 60[0m
[0mPOST /api/category/child-category/create [32m200 [0m8.885 ms - 60[0m
[0mPOST /api/category/child-category/create [32m200 [0m58.216 ms - 60[0m
[0mPOST /api/category/child-category/create [32m200 [0m33.230 ms - 60[0m
[0mPOST /api/category/child-category/create [32m200 [0m28.101 ms - 60[0m
[0mPOST /api/category/child-category/create [32m200 [0m46.112 ms - 60[0m
[0mPOST /api/category/child-category/create [32m200 [0m26.294 ms - 60[0m
[0mPOST /api/category/child-category/create [32m200 [0m40.892 ms - 60[0m
[0mPOST /api/category/child-category/create [32m200 [0m75.651 ms - 60[0m
[0mGET /api/category/main/list [32m200 [0m6.641 ms - 945[0m
[0mPOST /api/book/add [32m200 [0m67.514 ms - 54[0m
[0mGET /api/book/getAllproduct [32m200 [0m12.370 ms - 634[0m
[0mGET /api/book/getWebProductListById [33m404 [0m14.259 ms - 2675[0m
[0mGET /api/book/getAllproduct [32m200 [0m21.297 ms - 634[0m
[0mGET / [33m404 [0m21.345 ms - 2631[0m
